Connecting to mqtt
Defaulted fireplaceip 192.168.1.21
Default wineip 192.168.1.43
mqtt connect rc: 0
RCVD: myhome/wine/setdesiredtemp 61.0
DBG: 61.0
RCVD: myhome/wine/setfinmintemp 36.0
DBG2: 36.0
RCVD: wine/data Room Temp=63.76
SENDING ha/wine/Room Temp 63.76
RCVD: wine/data Fin Temp=63.30
SENDING ha/wine/Fin Temp 63.30
RCVD: wine/data Cooling=0
SENDING ha/wine/Cooling Off
RCVD: wine/data Defrosting=0
SENDING ha/wine/Defrosting Normal
RCVD: wine/data Humidity=50.00
SENDING ha/wine/Humidity 50.14
RCVD: wine/data Room Temp=63.64
SENDING ha/wine/Room Temp 63.64
RCVD: wine/data Fin Temp=63.27
SENDING ha/wine/Fin Temp 63.27
RCVD: wine/data Cooling=0
SENDING ha/wine/Cooling Off
RCVD: wine/data Defrosting=0
SENDING ha/wine/Defrosting Normal
RCVD: wine/data Humidity=50.00
SENDING ha/wine/Humidity 50.17
RCVD: wine/data Room Temp=63.85
SENDING ha/wine/Room Temp 63.85
RCVD: wine/data Fin Temp=63.39
SENDING ha/wine/Fin Temp 63.39
RCVD: wine/data Cooling=0
SENDING ha/wine/Cooling Off
RCVD: wine/data Defrosting=0
SENDING ha/wine/Defrosting Normal
RCVD: wine/data Humidity=50.00
SENDING ha/wine/Humidity 50.21
RCVD: wine/data Room Temp=63.79
SENDING ha/wine/Room Temp 63.79
RCVD: wine/data Fin Temp=63.39
SENDING ha/wine/Fin Temp 63.39
RCVD: wine/data Cooling=0
SENDING ha/wine/Cooling Off
RCVD: wine/data Defrosting=0
SENDING ha/wine/Defrosting Normal
RCVD: wine/data Humidity=50.20
SENDING ha/wine/Humidity 50.36
RCVD: wine/data Room Temp=63.82
SENDING ha/wine/Room Temp 63.82
RCVD: wine/data Fin Temp=63.45
SENDING ha/wine/Fin Temp 63.45
RCVD: wine/data Cooling=0
SENDING ha/wine/Cooling Off
RCVD: wine/data Defrosting=0
SENDING ha/wine/Defrosting Normal
RCVD: wine/data Humidity=50.20
SENDING ha/wine/Humidity 50.23
RCVD: wine/data Room Temp=63.85
SENDING ha/wine/Room Temp 63.85
RCVD: wine/data Fin Temp=63.27
SENDING ha/wine/Fin Temp 63.27
RCVD: wine/data Cooling=0
SENDING ha/wine/Cooling Off
RCVD: wine/data Defrosting=0
SENDING ha/wine/Defrosting Normal
RCVD: wine/data Humidity=50.00
SENDING ha/wine/Humidity 50.4
RCVD: wine/data Room Temp=63.92
SENDING ha/wine/Room Temp 63.92
RCVD: wine/data Fin Temp=63.30
SENDING ha/wine/Fin Temp 63.30
RCVD: wine/data Cooling=0
SENDING ha/wine/Cooling Off
RCVD: wine/data Defrosting=0
SENDING ha/wine/Defrosting Normal
RCVD: wine/data Humidity=50.00
SENDING ha/wine/Humidity 50.49
RCVD: wine/data Room Temp=63.79
SENDING ha/wine/Room Temp 63.79
RCVD: wine/data Fin Temp=63.33
SENDING ha/wine/Fin Temp 63.33
RCVD: wine/data Cooling=0
SENDING ha/wine/Cooling Off
RCVD: wine/data Defrosting=0
SENDING ha/wine/Defrosting Normal
RCVD: wine/data Humidity=50.20
SENDING ha/wine/Humidity 50.49
RCVD: wine/data Room Temp=63.89
SENDING ha/wine/Room Temp 63.89
RCVD: wine/data Fin Temp=63.39
SENDING ha/wine/Fin Temp 63.39
RCVD: wine/data Cooling=0
SENDING ha/wine/Cooling Off
RCVD: wine/data Defrosting=0
SENDING ha/wine/Defrosting Normal
RCVD: wine/data Humidity=51.00
SENDING ha/wine/Humidity 51.24
RCVD: wine/data Room Temp=63.85
SENDING ha/wine/Room Temp 63.85
RCVD: wine/data Fin Temp=63.45
SENDING ha/wine/Fin Temp 63.45
RCVD: wine/data Cooling=0
SENDING ha/wine/Cooling Off
RCVD: wine/data Defrosting=0
SENDING ha/wine/Defrosting Normal
RCVD: wine/data Humidity=50.20
SENDING ha/wine/Humidity 50.15
RCVD: wine/data Room Temp=63.70
SENDING ha/wine/Room Temp 63.70
RCVD: wine/data Fin Temp=63.20
SENDING ha/wine/Fin Temp 63.20
RCVD: wine/data Cooling=0
SENDING ha/wine/Cooling Off
RCVD: wine/data Defrosting=0
SENDING ha/wine/Defrosting Normal
RCVD: wine/data Humidity=50.20
SENDING ha/wine/Humidity 50.43
RCVD: wine/data Room Temp=63.76
SENDING ha/wine/Room Temp 63.76
RCVD: wine/data Fin Temp=63.30
SENDING ha/wine/Fin Temp 63.30
RCVD: wine/data Cooling=0
SENDING ha/wine/Cooling Off
RCVD: wine/data Defrosting=0
SENDING ha/wine/Defrosting Normal
RCVD: wine/data Humidity=51.00
SENDING ha/wine/Humidity 51.22
RCVD: wine/data Room Temp=63.89
SENDING ha/wine/Room Temp 63.89
RCVD: wine/data Fin Temp=63.36
SENDING ha/wine/Fin Temp 63.36
RCVD: wine/data Cooling=0
SENDING ha/wine/Cooling Off
RCVD: wine/data Defrosting=0
SENDING ha/wine/Defrosting Normal
RCVD: wine/data Humidity=50.20
SENDING ha/wine/Humidity 50.50
RCVD: wine/data Room Temp=63.82
SENDING ha/wine/Room Temp 63.82
RCVD: wine/data Fin Temp=63.54
SENDING ha/wine/Fin Temp 63.54
RCVD: wine/data Cooling=0
SENDING ha/wine/Cooling Off
RCVD: wine/data Defrosting=0
SENDING ha/wine/Defrosting Normal
RCVD: wine/data Humidity=50.20
SENDING ha/wine/Humidity 50.38
RCVD: wine/data Room Temp=63.85
SENDING ha/wine/Room Temp 63.85
RCVD: wine/data Fin Temp=63.45
SENDING ha/wine/Fin Temp 63.45
RCVD: wine/data Cooling=0
SENDING ha/wine/Cooling Off
RCVD: wine/data Defrosting=0
SENDING ha/wine/Defrosting Normal
RCVD: wine/data Humidity=52.00
SENDING ha/wine/Humidity 52.10
RCVD: wine/data Room Temp=63.85
SENDING ha/wine/Room Temp 63.85
RCVD: wine/data Fin Temp=63.36
SENDING ha/wine/Fin Temp 63.36
RCVD: wine/data Cooling=0
SENDING ha/wine/Cooling Off
RCVD: wine/data Defrosting=0
SENDING ha/wine/Defrosting Normal
RCVD: wine/data Humidity=51.80
SENDING ha/wine/Humidity 51.49
RCVD: wine/data Room Temp=63.73
SENDING ha/wine/Room Temp 63.73
RCVD: wine/data Fin Temp=63.33
SENDING ha/wine/Fin Temp 63.33
RCVD: wine/data Cooling=0
SENDING ha/wine/Cooling Off
RCVD: wine/data Defrosting=0
SENDING ha/wine/Defrosting Normal
RCVD: wine/data Humidity=51.00
SENDING ha/wine/Humidity 51.19
RCVD: wine/data Room Temp=63.76
SENDING ha/wine/Room Temp 63.76
RCVD: wine/data Fin Temp=63.42
SENDING ha/wine/Fin Temp 63.42
RCVD: wine/data Cooling=0
SENDING ha/wine/Cooling Off
RCVD: wine/data Defrosting=0
SENDING ha/wine/Defrosting Normal
RCVD: wine/data Humidity=50.20
SENDING ha/wine/Humidity 50.38
RCVD: wine/data Room Temp=63.82
SENDING ha/wine/Room Temp 63.82
RCVD: wine/data Fin Temp=63.42
SENDING ha/wine/Fin Temp 63.42
RCVD: wine/data Cooling=0
SENDING ha/wine/Cooling Off
RCVD: wine/data Defrosting=0
SENDING ha/wine/Defrosting Normal
RCVD: wine/data Humidity=51.00
SENDING ha/wine/Humidity 51.34
RCVD: wine/data Room Temp=63.95
SENDING ha/wine/Room Temp 63.95
RCVD: wine/data Fin Temp=63.39
SENDING ha/wine/Fin Temp 63.39
RCVD: wine/data Cooling=0
SENDING ha/wine/Cooling Off
RCVD: wine/data Defrosting=0
SENDING ha/wine/Defrosting Normal
RCVD: wine/data Humidity=51.00
SENDING ha/wine/Humidity 51.20
RCVD: wine/data Room Temp=63.85
SENDING ha/wine/Room Temp 63.85
RCVD: wine/data Fin Temp=63.42
SENDING ha/wine/Fin Temp 63.42
RCVD: wine/data Cooling=0
SENDING ha/wine/Cooling Off
RCVD: wine/data Defrosting=0
SENDING ha/wine/Defrosting Normal
RCVD: wine/data Humidity=50.20
SENDING ha/wine/Humidity 50.9
RCVD: wine/data Room Temp=63.79
SENDING ha/wine/Room Temp 63.79
RCVD: wine/data Fin Temp=63.30
SENDING ha/wine/Fin Temp 63.30
RCVD: wine/data Cooling=0
SENDING ha/wine/Cooling Off
RCVD: wine/data Defrosting=0
SENDING ha/wine/Defrosting Normal
RCVD: wine/data Humidity=51.80
SENDING ha/wine/Humidity 51.48
RCVD: wine/data Room Temp=63.79
SENDING ha/wine/Room Temp 63.79
RCVD: wine/data Fin Temp=63.33
SENDING ha/wine/Fin Temp 63.33
RCVD: wine/data Cooling=0
SENDING ha/wine/Cooling Off
RCVD: wine/data Defrosting=0
SENDING ha/wine/Defrosting Normal
RCVD: wine/data Humidity=50.20
SENDING ha/wine/Humidity 50.24
RCVD: wine/data Room Temp=63.85
SENDING ha/wine/Room Temp 63.85
RCVD: wine/data Fin Temp=63.51
SENDING ha/wine/Fin Temp 63.51
RCVD: wine/data Cooling=0
SENDING ha/wine/Cooling Off
RCVD: wine/data Defrosting=0
SENDING ha/wine/Defrosting Normal
RCVD: wine/data Humidity=50.20
SENDING ha/wine/Humidity 50.55
RCVD: wine/data Room Temp=63.85
SENDING ha/wine/Room Temp 63.85
RCVD: wine/data Fin Temp=63.51
SENDING ha/wine/Fin Temp 63.51
RCVD: wine/data Cooling=0
SENDING ha/wine/Cooling Off
RCVD: wine/data Defrosting=0
SENDING ha/wine/Defrosting Normal
RCVD: wine/data Humidity=50.20
SENDING ha/wine/Humidity 50.4
RCVD: wine/data Room Temp=63.82
SENDING ha/wine/Room Temp 63.82
RCVD: wine/data Fin Temp=63.48
SENDING ha/wine/Fin Temp 63.48
RCVD: wine/data Cooling=0
SENDING ha/wine/Cooling Off
RCVD: wine/data Defrosting=0
SENDING ha/wine/Defrosting Normal
RCVD: wine/data Humidity=52.00
SENDING ha/wine/Humidity 52.26
RCVD: wine/data Room Temp=63.85
SENDING ha/wine/Room Temp 63.85
RCVD: wine/data Fin Temp=63.30
SENDING ha/wine/Fin Temp 63.30
RCVD: wine/data Cooling=0
SENDING ha/wine/Cooling Off
RCVD: wine/data Defrosting=0
SENDING ha/wine/Defrosting Normal
RCVD: wine/data Humidity=50.20
SENDING ha/wine/Humidity 50.39
RCVD: wine/data Room Temp=63.85
SENDING ha/wine/Room Temp 63.85
RCVD: wine/data Fin Temp=63.39
SENDING ha/wine/Fin Temp 63.39
RCVD: wine/data Cooling=0
SENDING ha/wine/Cooling Off
RCVD: wine/data Defrosting=0
SENDING ha/wine/Defrosting Normal
RCVD: wine/data Humidity=50.20
SENDING ha/wine/Humidity 50.54
RCVD: wine/data Room Temp=63.76
SENDING ha/wine/Room Temp 63.76
RCVD: wine/data Fin Temp=63.42
SENDING ha/wine/Fin Temp 63.42
RCVD: wine/data Cooling=0
SENDING ha/wine/Cooling Off
RCVD: wine/data Defrosting=0
SENDING ha/wine/Defrosting Normal
RCVD: wine/data Humidity=50.40
SENDING ha/wine/Humidity 50.25
RCVD: wine/data Room Temp=63.95
SENDING ha/wine/Room Temp 63.95
RCVD: wine/data Fin Temp=63.48
SENDING ha/wine/Fin Temp 63.48
RCVD: wine/data Cooling=0
SENDING ha/wine/Cooling Off
RCVD: wine/data Defrosting=0
SENDING ha/wine/Defrosting Normal
RCVD: wine/data Humidity=50.20
SENDING ha/wine/Humidity 50.6
RCVD: wine/data Room Temp=63.92
SENDING ha/wine/Room Temp 63.92
RCVD: wine/data Fin Temp=63.45
SENDING ha/wine/Fin Temp 63.45
RCVD: wine/data Cooling=0
SENDING ha/wine/Cooling Off
RCVD: wine/data Defrosting=0
SENDING ha/wine/Defrosting Normal
RCVD: wine/data Humidity=50.20
SENDING ha/wine/Humidity 50.15
RCVD: wine/data Room Temp=63.73
SENDING ha/wine/Room Temp 63.73
RCVD: wine/data Fin Temp=63.36
SENDING ha/wine/Fin Temp 63.36
RCVD: wine/data Cooling=0
SENDING ha/wine/Cooling Off
RCVD: wine/data Defrosting=0
SENDING ha/wine/Defrosting Normal
RCVD: wine/data Humidity=50.20
SENDING ha/wine/Humidity 50.1
RCVD: wine/data Room Temp=63.82
SENDING ha/wine/Room Temp 63.82
RCVD: wine/data Fin Temp=63.42
SENDING ha/wine/Fin Temp 63.42
RCVD: wine/data Cooling=0
SENDING ha/wine/Cooling Off
RCVD: wine/data Defrosting=0
SENDING ha/wine/Defrosting Normal
RCVD: wine/data Humidity=51.00
SENDING ha/wine/Humidity 51.41
RCVD: wine/data Room Temp=63.82
SENDING ha/wine/Room Temp 63.82
RCVD: wine/data Fin Temp=63.33
SENDING ha/wine/Fin Temp 63.33
RCVD: wine/data Cooling=0
SENDING ha/wine/Cooling Off
RCVD: wine/data Defrosting=0
SENDING ha/wine/Defrosting Normal
RCVD: wine/data Humidity=50.20
SENDING ha/wine/Humidity 50.43
RCVD: wine/data Room Temp=63.73
SENDING ha/wine/Room Temp 63.73
RCVD: wine/data Fin Temp=63.48
SENDING ha/wine/Fin Temp 63.48
RCVD: wine/data Cooling=0
SENDING ha/wine/Cooling Off
RCVD: wine/data Defrosting=0
SENDING ha/wine/Defrosting Normal
RCVD: wine/data Humidity=50.20
SENDING ha/wine/Humidity 50.6
RCVD: wine/data Room Temp=63.98
SENDING ha/wine/Room Temp 63.98
RCVD: wine/data Fin Temp=63.42
SENDING ha/wine/Fin Temp 63.42
RCVD: wine/data Cooling=0
SENDING ha/wine/Cooling Off
RCVD: wine/data Defrosting=0
SENDING ha/wine/Defrosting Normal
RCVD: wine/data Humidity=50.20
SENDING ha/wine/Humidity 50.22
RCVD: wine/data Room Temp=63.79
SENDING ha/wine/Room Temp 63.79
RCVD: wine/data Fin Temp=63.39
SENDING ha/wine/Fin Temp 63.39
RCVD: wine/data Cooling=0
SENDING ha/wine/Cooling Off
RCVD: wine/data Defrosting=0
SENDING ha/wine/Defrosting Normal
RCVD: wine/data Humidity=50.20
SENDING ha/wine/Humidity 50.42
RCVD: wine/data Room Temp=63.82
SENDING ha/wine/Room Temp 63.82
RCVD: wine/data Fin Temp=63.30
SENDING ha/wine/Fin Temp 63.30
RCVD: wine/data Cooling=0
SENDING ha/wine/Cooling Off
RCVD: wine/data Defrosting=0
SENDING ha/wine/Defrosting Normal
RCVD: wine/data Humidity=50.20
SENDING ha/wine/Humidity 50.47
RCVD: wine/data Room Temp=63.79
SENDING ha/wine/Room Temp 63.79
RCVD: wine/data Fin Temp=63.39
SENDING ha/wine/Fin Temp 63.39
RCVD: wine/data Cooling=0
SENDING ha/wine/Cooling Off
RCVD: wine/data Defrosting=0
SENDING ha/wine/Defrosting Normal
RCVD: wine/data Humidity=50.20
SENDING ha/wine/Humidity 50.46
RCVD: wine/data Room Temp=63.89
SENDING ha/wine/Room Temp 63.89
RCVD: wine/data Fin Temp=63.45
SENDING ha/wine/Fin Temp 63.45
RCVD: wine/data Cooling=0
SENDING ha/wine/Cooling Off
RCVD: wine/data Defrosting=0
SENDING ha/wine/Defrosting Normal
RCVD: wine/data Humidity=50.00
SENDING ha/wine/Humidity 50.55
RCVD: wine/data Room Temp=63.82
SENDING ha/wine/Room Temp 63.82
RCVD: wine/data Fin Temp=63.48
SENDING ha/wine/Fin Temp 63.48
RCVD: wine/data Cooling=0
SENDING ha/wine/Cooling Off
RCVD: wine/data Defrosting=0
SENDING ha/wine/Defrosting Normal
RCVD: wine/data Humidity=50.00
SENDING ha/wine/Humidity 50.1
RCVD: wine/data Room Temp=63.79
SENDING ha/wine/Room Temp 63.79
RCVD: wine/data Fin Temp=63.42
SENDING ha/wine/Fin Temp 63.42
RCVD: wine/data Cooling=0
SENDING ha/wine/Cooling Off
RCVD: wine/data Defrosting=0
SENDING ha/wine/Defrosting Normal
RCVD: wine/data Humidity=50.00
SENDING ha/wine/Humidity 50.48
RCVD: wine/data Room Temp=63.82
SENDING ha/wine/Room Temp 63.82
RCVD: wine/data Fin Temp=63.33
SENDING ha/wine/Fin Temp 63.33
RCVD: wine/data Cooling=0
SENDING ha/wine/Cooling Off
RCVD: wine/data Defrosting=0
SENDING ha/wine/Defrosting Normal
RCVD: wine/data Humidity=50.00
SENDING ha/wine/Humidity 50.31
RCVD: wine/data Room Temp=63.82
SENDING ha/wine/Room Temp 63.82
RCVD: wine/data Fin Temp=63.42
SENDING ha/wine/Fin Temp 63.42
RCVD: wine/data Cooling=0
SENDING ha/wine/Cooling Off
RCVD: wine/data Defrosting=0
SENDING ha/wine/Defrosting Normal
RCVD: wine/data Humidity=50.00
SENDING ha/wine/Humidity 50.16
RCVD: wine/data Room Temp=63.82
SENDING ha/wine/Room Temp 63.82
RCVD: wine/data Fin Temp=63.42
SENDING ha/wine/Fin Temp 63.42
RCVD: wine/data Cooling=0
SENDING ha/wine/Cooling Off
RCVD: wine/data Defrosting=0
SENDING ha/wine/Defrosting Normal
RCVD: wine/data Humidity=50.00
SENDING ha/wine/Humidity 50.22
RCVD: wine/data Room Temp=63.79
SENDING ha/wine/Room Temp 63.79
RCVD: wine/data Fin Temp=63.51
SENDING ha/wine/Fin Temp 63.51
RCVD: wine/data Cooling=0
SENDING ha/wine/Cooling Off
RCVD: wine/data Defrosting=0
SENDING ha/wine/Defrosting Normal
RCVD: wine/data Humidity=50.20
SENDING ha/wine/Humidity 50.14
RCVD: wine/data Room Temp=63.89
SENDING ha/wine/Room Temp 63.89
RCVD: wine/data Fin Temp=63.51
SENDING ha/wine/Fin Temp 63.51
RCVD: wine/data Cooling=0
SENDING ha/wine/Cooling Off
RCVD: wine/data Defrosting=0
SENDING ha/wine/Defrosting Normal
RCVD: wine/data Humidity=51.00
SENDING ha/wine/Humidity 51.15
RCVD: wine/data Room Temp=63.76
SENDING ha/wine/Room Temp 63.76
RCVD: wine/data Fin Temp=63.39
SENDING ha/wine/Fin Temp 63.39
RCVD: wine/data Cooling=0
SENDING ha/wine/Cooling Off
RCVD: wine/data Defrosting=0
SENDING ha/wine/Defrosting Normal
RCVD: wine/data Humidity=50.00
SENDING ha/wine/Humidity 50.52
RCVD: wine/data Room Temp=63.79
SENDING ha/wine/Room Temp 63.79
RCVD: wine/data Fin Temp=63.45
SENDING ha/wine/Fin Temp 63.45
RCVD: wine/data Cooling=0
SENDING ha/wine/Cooling Off
RCVD: wine/data Defrosting=0
SENDING ha/wine/Defrosting Normal
RCVD: wine/data Humidity=50.20
SENDING ha/wine/Humidity 50.8
RCVD: wine/data Room Temp=63.82
SENDING ha/wine/Room Temp 63.82
RCVD: wine/data Fin Temp=63.39
SENDING ha/wine/Fin Temp 63.39
RCVD: wine/data Cooling=0
SENDING ha/wine/Cooling Off
RCVD: wine/data Defrosting=0
SENDING ha/wine/Defrosting Normal
RCVD: wine/data Humidity=50.20
SENDING ha/wine/Humidity 50.6
RCVD: wine/data Room Temp=63.95
SENDING ha/wine/Room Temp 63.95
RCVD: wine/data Fin Temp=63.45
SENDING ha/wine/Fin Temp 63.45
RCVD: wine/data Cooling=0
SENDING ha/wine/Cooling Off
RCVD: wine/data Defrosting=0
SENDING ha/wine/Defrosting Normal
RCVD: wine/data Humidity=50.20
SENDING ha/wine/Humidity 50.51
RCVD: wine/data Room Temp=63.82
SENDING ha/wine/Room Temp 63.82
RCVD: wine/data Fin Temp=63.45
SENDING ha/wine/Fin Temp 63.45
RCVD: wine/data Cooling=0
SENDING ha/wine/Cooling Off
RCVD: wine/data Defrosting=0
SENDING ha/wine/Defrosting Normal
RCVD: wine/data Humidity=50.20
SENDING ha/wine/Humidity 50.43
RCVD: wine/data Room Temp=63.76
SENDING ha/wine/Room Temp 63.76
RCVD: wine/data Fin Temp=63.33
SENDING ha/wine/Fin Temp 63.33
RCVD: wine/data Cooling=0
SENDING ha/wine/Cooling Off
RCVD: wine/data Defrosting=0
SENDING ha/wine/Defrosting Normal
RCVD: wine/data Humidity=50.20
SENDING ha/wine/Humidity 50.13
RCVD: wine/data Room Temp=63.85
SENDING ha/wine/Room Temp 63.85
RCVD: wine/data Fin Temp=63.45
SENDING ha/wine/Fin Temp 63.45
RCVD: wine/data Cooling=0
SENDING ha/wine/Cooling Off
RCVD: wine/data Defrosting=0
SENDING ha/wine/Defrosting Normal
RCVD: wine/data Humidity=51.00
SENDING ha/wine/Humidity 51.29
RCVD: wine/data Room Temp=63.92
SENDING ha/wine/Room Temp 63.92
RCVD: wine/data Fin Temp=63.42
SENDING ha/wine/Fin Temp 63.42
RCVD: wine/data Cooling=0
SENDING ha/wine/Cooling Off
RCVD: wine/data Defrosting=0
SENDING ha/wine/Defrosting Normal
RCVD: wine/data Humidity=51.00
SENDING ha/wine/Humidity 51.11
RCVD: wine/data Room Temp=63.85
SENDING ha/wine/Room Temp 63.85
RCVD: wine/data Fin Temp=63.51
SENDING ha/wine/Fin Temp 63.51
RCVD: wine/data Cooling=0
SENDING ha/wine/Cooling Off
RCVD: wine/data Defrosting=0
SENDING ha/wine/Defrosting Normal
RCVD: wine/data Humidity=51.00
SENDING ha/wine/Humidity 51.15
RCVD: wine/data Room Temp=63.76
SENDING ha/wine/Room Temp 63.76
RCVD: wine/data Fin Temp=63.58
SENDING ha/wine/Fin Temp 63.58
RCVD: wine/data Cooling=0
SENDING ha/wine/Cooling Off
RCVD: wine/data Defrosting=0
SENDING ha/wine/Defrosting Normal
RCVD: wine/data Humidity=50.20
SENDING ha/wine/Humidity 50.30
RCVD: wine/data Room Temp=63.79
SENDING ha/wine/Room Temp 63.79
RCVD: wine/data Fin Temp=63.39
SENDING ha/wine/Fin Temp 63.39
RCVD: wine/data Cooling=0
SENDING ha/wine/Cooling Off
RCVD: wine/data Defrosting=0
SENDING ha/wine/Defrosting Normal
RCVD: wine/data Humidity=50.20
SENDING ha/wine/Humidity 50.31
RCVD: wine/data Room Temp=63.70
SENDING ha/wine/Room Temp 63.70
RCVD: wine/data Fin Temp=63.39
SENDING ha/wine/Fin Temp 63.39
RCVD: wine/data Cooling=0
SENDING ha/wine/Cooling Off
RCVD: wine/data Defrosting=0
SENDING ha/wine/Defrosting Normal
RCVD: wine/data Humidity=50.20
SENDING ha/wine/Humidity 50.6
RCVD: wine/data Room Temp=63.89
SENDING ha/wine/Room Temp 63.89
RCVD: wine/data Fin Temp=63.51
SENDING ha/wine/Fin Temp 63.51
RCVD: wine/data Cooling=0
SENDING ha/wine/Cooling Off
RCVD: wine/data Defrosting=0
SENDING ha/wine/Defrosting Normal
RCVD: wine/data Humidity=50.20
SENDING ha/wine/Humidity 50.28
RCVD: wine/data Room Temp=63.89
SENDING ha/wine/Room Temp 63.89
RCVD: wine/data Fin Temp=63.51
SENDING ha/wine/Fin Temp 63.51
RCVD: wine/data Cooling=0
SENDING ha/wine/Cooling Off
RCVD: wine/data Defrosting=0
SENDING ha/wine/Defrosting Normal
RCVD: wine/data Humidity=50.20
SENDING ha/wine/Humidity 50.50
RCVD: wine/data Room Temp=63.85
SENDING ha/wine/Room Temp 63.85
RCVD: wine/data Fin Temp=63.48
SENDING ha/wine/Fin Temp 63.48
RCVD: wine/data Cooling=0
SENDING ha/wine/Cooling Off
RCVD: wine/data Defrosting=0
SENDING ha/wine/Defrosting Normal
RCVD: wine/data Humidity=51.00
SENDING ha/wine/Humidity 51.41
RCVD: wine/data Room Temp=63.85
SENDING ha/wine/Room Temp 63.85
RCVD: wine/data Fin Temp=63.45
SENDING ha/wine/Fin Temp 63.45
RCVD: wine/data Cooling=0
SENDING ha/wine/Cooling Off
RCVD: wine/data Defrosting=0
SENDING ha/wine/Defrosting Normal
RCVD: wine/data Humidity=51.00
SENDING ha/wine/Humidity 51.6
RCVD: wine/data Room Temp=63.85
SENDING ha/wine/Room Temp 63.85
RCVD: wine/data Fin Temp=63.36
SENDING ha/wine/Fin Temp 63.36
RCVD: wine/data Cooling=0
SENDING ha/wine/Cooling Off
RCVD: wine/data Defrosting=0
SENDING ha/wine/Defrosting Normal
RCVD: wine/data Humidity=50.20
SENDING ha/wine/Humidity 50.37
RCVD: wine/data Room Temp=63.82
SENDING ha/wine/Room Temp 63.82
RCVD: wine/data Fin Temp=63.51
SENDING ha/wine/Fin Temp 63.51
RCVD: wine/data Cooling=0
SENDING ha/wine/Cooling Off
RCVD: wine/data Defrosting=0
SENDING ha/wine/Defrosting Normal
RCVD: wine/data Humidity=50.20
SENDING ha/wine/Humidity 50.21
RCVD: wine/data Room Temp=63.85
SENDING ha/wine/Room Temp 63.85
RCVD: wine/data Fin Temp=63.48
SENDING ha/wine/Fin Temp 63.48
RCVD: wine/data Cooling=0
SENDING ha/wine/Cooling Off
RCVD: wine/data Defrosting=0
SENDING ha/wine/Defrosting Normal
RCVD: wine/data Humidity=50.20
SENDING ha/wine/Humidity 50.25
RCVD: wine/data Room Temp=63.70
SENDING ha/wine/Room Temp 63.70
RCVD: wine/data Fin Temp=63.54
SENDING ha/wine/Fin Temp 63.54
RCVD: wine/data Cooling=0
SENDING ha/wine/Cooling Off
RCVD: wine/data Defrosting=0
SENDING ha/wine/Defrosting Normal
RCVD: wine/data Humidity=50.40
SENDING ha/wine/Humidity 50.32
RCVD: wine/data Room Temp=63.85
SENDING ha/wine/Room Temp 63.85
RCVD: wine/data Fin Temp=63.48
SENDING ha/wine/Fin Temp 63.48
RCVD: wine/data Cooling=0
SENDING ha/wine/Cooling Off
RCVD: wine/data Defrosting=0
SENDING ha/wine/Defrosting Normal
RCVD: wine/data Humidity=51.00
SENDING ha/wine/Humidity 51.34
RCVD: wine/data Room Temp=63.85
SENDING ha/wine/Room Temp 63.85
RCVD: wine/data Fin Temp=63.42
SENDING ha/wine/Fin Temp 63.42
RCVD: wine/data Cooling=0
SENDING ha/wine/Cooling Off
RCVD: wine/data Defrosting=0
SENDING ha/wine/Defrosting Normal
RCVD: wine/data Humidity=51.00
SENDING ha/wine/Humidity 51.21
RCVD: wine/data Room Temp=63.85
SENDING ha/wine/Room Temp 63.85
RCVD: wine/data Fin Temp=63.39
SENDING ha/wine/Fin Temp 63.39
RCVD: wine/data Cooling=0
SENDING ha/wine/Cooling Off
RCVD: wine/data Defrosting=0
SENDING ha/wine/Defrosting Normal
RCVD: wine/data Humidity=50.20
SENDING ha/wine/Humidity 50.41
RCVD: wine/data Room Temp=63.92
SENDING ha/wine/Room Temp 63.92
RCVD: wine/data Fin Temp=63.48
SENDING ha/wine/Fin Temp 63.48
RCVD: wine/data Cooling=0
SENDING ha/wine/Cooling Off
RCVD: wine/data Defrosting=0
SENDING ha/wine/Defrosting Normal
RCVD: wine/data Humidity=50.20
SENDING ha/wine/Humidity 50.28
RCVD: wine/data Room Temp=63.95
SENDING ha/wine/Room Temp 63.95
RCVD: wine/data Fin Temp=63.51
SENDING ha/wine/Fin Temp 63.51
RCVD: wine/data Cooling=0
SENDING ha/wine/Cooling Off
RCVD: wine/data Defrosting=0
SENDING ha/wine/Defrosting Normal
RCVD: wine/data Humidity=50.20
SENDING ha/wine/Humidity 50.11
RCVD: wine/data Room Temp=63.92
SENDING ha/wine/Room Temp 63.92
RCVD: wine/data Fin Temp=63.61
SENDING ha/wine/Fin Temp 63.61
RCVD: wine/data Cooling=0
SENDING ha/wine/Cooling Off
RCVD: wine/data Defrosting=0
SENDING ha/wine/Defrosting Normal
RCVD: wine/data Humidity=52.60
SENDING ha/wine/Humidity 52.50
RCVD: wine/data Room Temp=63.82
SENDING ha/wine/Room Temp 63.82
RCVD: wine/data Fin Temp=63.48
SENDING ha/wine/Fin Temp 63.48
RCVD: wine/data Cooling=0
SENDING ha/wine/Cooling Off
RCVD: wine/data Defrosting=0
SENDING ha/wine/Defrosting Normal
RCVD: wine/data Humidity=51.00
SENDING ha/wine/Humidity 51.8
RCVD: wine/data Room Temp=63.79
SENDING ha/wine/Room Temp 63.79
RCVD: wine/data Fin Temp=63.45
SENDING ha/wine/Fin Temp 63.45
RCVD: wine/data Cooling=0
SENDING ha/wine/Cooling Off
RCVD: wine/data Defrosting=0
SENDING ha/wine/Defrosting Normal
RCVD: wine/data Humidity=50.20
SENDING ha/wine/Humidity 50.36
RCVD: wine/data Room Temp=63.89
SENDING ha/wine/Room Temp 63.89
RCVD: wine/data Fin Temp=63.54
SENDING ha/wine/Fin Temp 63.54
RCVD: wine/data Cooling=0
SENDING ha/wine/Cooling Off
RCVD: wine/data Defrosting=0
SENDING ha/wine/Defrosting Normal
RCVD: wine/data Humidity=51.00
SENDING ha/wine/Humidity 51.9
RCVD: wine/data Room Temp=63.92
SENDING ha/wine/Room Temp 63.92
RCVD: wine/data Fin Temp=63.51
SENDING ha/wine/Fin Temp 63.51
RCVD: wine/data Cooling=0
SENDING ha/wine/Cooling Off
RCVD: wine/data Defrosting=0
SENDING ha/wine/Defrosting Normal
RCVD: wine/data Humidity=51.00
SENDING ha/wine/Humidity 51.20
RCVD: wine/data Room Temp=63.89
SENDING ha/wine/Room Temp 63.89
RCVD: wine/data Fin Temp=63.48
SENDING ha/wine/Fin Temp 63.48
RCVD: wine/data Cooling=0
SENDING ha/wine/Cooling Off
RCVD: wine/data Defrosting=0
SENDING ha/wine/Defrosting Normal
RCVD: wine/data Humidity=51.00
SENDING ha/wine/Humidity 51.8
RCVD: wine/data Room Temp=63.76
SENDING ha/wine/Room Temp 63.76
RCVD: wine/data Fin Temp=63.39
SENDING ha/wine/Fin Temp 63.39
RCVD: wine/data Cooling=0
SENDING ha/wine/Cooling Off
RCVD: wine/data Defrosting=0
SENDING ha/wine/Defrosting Normal
RCVD: wine/data Humidity=51.00
SENDING ha/wine/Humidity 51.30
RCVD: wine/data Room Temp=63.82
SENDING ha/wine/Room Temp 63.82
RCVD: wine/data Fin Temp=63.51
SENDING ha/wine/Fin Temp 63.51
RCVD: wine/data Cooling=0
SENDING ha/wine/Cooling Off
RCVD: wine/data Defrosting=0
SENDING ha/wine/Defrosting Normal
RCVD: wine/data Humidity=50.20
SENDING ha/wine/Humidity 50.36
RCVD: wine/data Room Temp=63.89
SENDING ha/wine/Room Temp 63.89
RCVD: wine/data Fin Temp=63.51
SENDING ha/wine/Fin Temp 63.51
RCVD: wine/data Cooling=0
SENDING ha/wine/Cooling Off
RCVD: wine/data Defrosting=0
SENDING ha/wine/Defrosting Normal
RCVD: wine/data Humidity=50.20
SENDING ha/wine/Humidity 50.42
RCVD: wine/data Room Temp=63.82
SENDING ha/wine/Room Temp 63.82
RCVD: wine/data Fin Temp=63.61
SENDING ha/wine/Fin Temp 63.61
RCVD: wine/data Cooling=0
SENDING ha/wine/Cooling Off
RCVD: wine/data Defrosting=0
SENDING ha/wine/Defrosting Normal
RCVD: wine/data Humidity=50.20
SENDING ha/wine/Humidity 50.47
RCVD: wine/data Room Temp=63.82
SENDING ha/wine/Room Temp 63.82
RCVD: wine/data Fin Temp=63.64
SENDING ha/wine/Fin Temp 63.64
RCVD: wine/data Cooling=0
SENDING ha/wine/Cooling Off
RCVD: wine/data Defrosting=0
SENDING ha/wine/Defrosting Normal
RCVD: wine/data Humidity=50.20
SENDING ha/wine/Humidity 50.52
RCVD: wine/data Room Temp=63.82
SENDING ha/wine/Room Temp 63.82
RCVD: wine/data Fin Temp=63.51
SENDING ha/wine/Fin Temp 63.51
RCVD: wine/data Cooling=0
SENDING ha/wine/Cooling Off
RCVD: wine/data Defrosting=0
SENDING ha/wine/Defrosting Normal
RCVD: wine/data Humidity=50.20
SENDING ha/wine/Humidity 50.34
RCVD: wine/data Room Temp=63.82
SENDING ha/wine/Room Temp 63.82
RCVD: wine/data Fin Temp=63.42
SENDING ha/wine/Fin Temp 63.42
RCVD: wine/data Cooling=0
SENDING ha/wine/Cooling Off
RCVD: wine/data Defrosting=0
SENDING ha/wine/Defrosting Normal
RCVD: wine/data Humidity=50.20
SENDING ha/wine/Humidity 50.33
RCVD: wine/data Room Temp=63.89
SENDING ha/wine/Room Temp 63.89
RCVD: wine/data Fin Temp=63.51
SENDING ha/wine/Fin Temp 63.51
RCVD: wine/data Cooling=0
SENDING ha/wine/Cooling Off
RCVD: wine/data Defrosting=0
SENDING ha/wine/Defrosting Normal
RCVD: wine/data Humidity=50.80
SENDING ha/wine/Humidity 50.16
RCVD: wine/data Room Temp=63.92
SENDING ha/wine/Room Temp 63.92
RCVD: wine/data Fin Temp=63.51
SENDING ha/wine/Fin Temp 63.51
RCVD: wine/data Cooling=0
SENDING ha/wine/Cooling Off
RCVD: wine/data Defrosting=0
SENDING ha/wine/Defrosting Normal
RCVD: wine/data Humidity=50.20
SENDING ha/wine/Humidity 50.17
RCVD: wine/data Room Temp=63.92
SENDING ha/wine/Room Temp 63.92
RCVD: wine/data Fin Temp=63.61
SENDING ha/wine/Fin Temp 63.61
RCVD: wine/data Cooling=0
SENDING ha/wine/Cooling Off
RCVD: wine/data Defrosting=0
SENDING ha/wine/Defrosting Normal
RCVD: wine/data Humidity=50.20
SENDING ha/wine/Humidity 50.26
RCVD: wine/data Room Temp=63.92
SENDING ha/wine/Room Temp 63.92
RCVD: wine/data Fin Temp=63.54
SENDING ha/wine/Fin Temp 63.54
RCVD: wine/data Cooling=0
SENDING ha/wine/Cooling Off
RCVD: wine/data Defrosting=0
SENDING ha/wine/Defrosting Normal
RCVD: wine/data Humidity=51.00
SENDING ha/wine/Humidity 51.41
RCVD: wine/data Room Temp=63.82
SENDING ha/wine/Room Temp 63.82
RCVD: wine/data Fin Temp=63.54
SENDING ha/wine/Fin Temp 63.54
RCVD: wine/data Cooling=0
SENDING ha/wine/Cooling Off
RCVD: wine/data Defrosting=0
SENDING ha/wine/Defrosting Normal
RCVD: wine/data Humidity=50.20
SENDING ha/wine/Humidity 50.44
RCVD: wine/data Room Temp=63.79
SENDING ha/wine/Room Temp 63.79
RCVD: wine/data Fin Temp=63.42
SENDING ha/wine/Fin Temp 63.42
RCVD: wine/data Cooling=0
SENDING ha/wine/Cooling Off
RCVD: wine/data Defrosting=0
SENDING ha/wine/Defrosting Normal
RCVD: wine/data Humidity=50.20
SENDING ha/wine/Humidity 50.14
RCVD: wine/data Room Temp=63.85
SENDING ha/wine/Room Temp 63.85
RCVD: wine/data Fin Temp=63.45
SENDING ha/wine/Fin Temp 63.45
RCVD: wine/data Cooling=0
SENDING ha/wine/Cooling Off
RCVD: wine/data Defrosting=0
SENDING ha/wine/Defrosting Normal
RCVD: wine/data Humidity=50.20
SENDING ha/wine/Humidity 50.7
RCVD: wine/data Room Temp=63.92
SENDING ha/wine/Room Temp 63.92
RCVD: wine/data Fin Temp=63.61
SENDING ha/wine/Fin Temp 63.61
RCVD: wine/data Cooling=0
SENDING ha/wine/Cooling Off
RCVD: wine/data Defrosting=0
SENDING ha/wine/Defrosting Normal
RCVD: wine/data Humidity=51.80
SENDING ha/wine/Humidity 51.24
RCVD: wine/data Room Temp=63.92
SENDING ha/wine/Room Temp 63.92
RCVD: wine/data Fin Temp=63.54
SENDING ha/wine/Fin Temp 63.54
RCVD: wine/data Cooling=0
SENDING ha/wine/Cooling Off
RCVD: wine/data Defrosting=0
SENDING ha/wine/Defrosting Normal
RCVD: wine/data Humidity=51.00
SENDING ha/wine/Humidity 51.7
RCVD: wine/data Room Temp=63.76
SENDING ha/wine/Room Temp 63.76
RCVD: wine/data Fin Temp=63.48
SENDING ha/wine/Fin Temp 63.48
RCVD: wine/data Cooling=0
SENDING ha/wine/Cooling Off
RCVD: wine/data Defrosting=0
SENDING ha/wine/Defrosting Normal
RCVD: wine/data Humidity=50.20
SENDING ha/wine/Humidity 50.22
RCVD: wine/data Room Temp=63.85
SENDING ha/wine/Room Temp 63.85
RCVD: wine/data Fin Temp=63.45
SENDING ha/wine/Fin Temp 63.45
RCVD: wine/data Cooling=0
SENDING ha/wine/Cooling Off
RCVD: wine/data Defrosting=0
SENDING ha/wine/Defrosting Normal
RCVD: wine/data Humidity=50.40
SENDING ha/wine/Humidity 50.41
RCVD: wine/data Room Temp=63.89
SENDING ha/wine/Room Temp 63.89
RCVD: wine/data Fin Temp=63.51
SENDING ha/wine/Fin Temp 63.51
RCVD: wine/data Cooling=0
SENDING ha/wine/Cooling Off
RCVD: wine/data Defrosting=0
SENDING ha/wine/Defrosting Normal
RCVD: wine/data Humidity=50.20
SENDING ha/wine/Humidity 50.37
RCVD: wine/data Room Temp=63.89
SENDING ha/wine/Room Temp 63.89
RCVD: wine/data Fin Temp=63.58
SENDING ha/wine/Fin Temp 63.58
RCVD: wine/data Cooling=0
SENDING ha/wine/Cooling Off
RCVD: wine/data Defrosting=0
SENDING ha/wine/Defrosting Normal
RCVD: wine/data Humidity=50.20
SENDING ha/wine/Humidity 50.32
RCVD: wine/data Room Temp=63.82
SENDING ha/wine/Room Temp 63.82
RCVD: wine/data Fin Temp=63.48
SENDING ha/wine/Fin Temp 63.48
RCVD: wine/data Cooling=0
SENDING ha/wine/Cooling Off
RCVD: wine/data Defrosting=0
SENDING ha/wine/Defrosting Normal
RCVD: wine/data Humidity=51.00
SENDING ha/wine/Humidity 51.17
RCVD: wine/data Room Temp=63.76
SENDING ha/wine/Room Temp 63.76
RCVD: wine/data Fin Temp=63.51
SENDING ha/wine/Fin Temp 63.51
RCVD: wine/data Cooling=0
SENDING ha/wine/Cooling Off
RCVD: wine/data Defrosting=0
SENDING ha/wine/Defrosting Normal
RCVD: wine/data Humidity=51.00
SENDING ha/wine/Humidity 51.19
RCVD: wine/data Room Temp=63.82
SENDING ha/wine/Room Temp 63.82
RCVD: wine/data Fin Temp=63.54
SENDING ha/wine/Fin Temp 63.54
RCVD: wine/data Cooling=0
SENDING ha/wine/Cooling Off
RCVD: wine/data Defrosting=0
SENDING ha/wine/Defrosting Normal
RCVD: wine/data Humidity=50.20
SENDING ha/wine/Humidity 50.2
RCVD: wine/data Room Temp=63.89
SENDING ha/wine/Room Temp 63.89
RCVD: wine/data Fin Temp=63.45
SENDING ha/wine/Fin Temp 63.45
RCVD: wine/data Cooling=0
SENDING ha/wine/Cooling Off
RCVD: wine/data Defrosting=0
SENDING ha/wine/Defrosting Normal
RCVD: wine/data Humidity=50.20
SENDING ha/wine/Humidity 50.29
RCVD: wine/data Room Temp=63.92
SENDING ha/wine/Room Temp 63.92
RCVD: wine/data Fin Temp=63.54
SENDING ha/wine/Fin Temp 63.54
RCVD: wine/data Cooling=0
SENDING ha/wine/Cooling Off
RCVD: wine/data Defrosting=0
SENDING ha/wine/Defrosting Normal
RCVD: wine/data Humidity=50.20
SENDING ha/wine/Humidity 50.33
RCVD: wine/data Room Temp=63.92
SENDING ha/wine/Room Temp 63.92
RCVD: wine/data Fin Temp=63.54
SENDING ha/wine/Fin Temp 63.54
RCVD: wine/data Cooling=0
SENDING ha/wine/Cooling Off
RCVD: wine/data Defrosting=0
SENDING ha/wine/Defrosting Normal
RCVD: wine/data Humidity=51.20
SENDING ha/wine/Humidity 51.40
RCVD: wine/data Room Temp=63.89
SENDING ha/wine/Room Temp 63.89
RCVD: wine/data Fin Temp=63.54
SENDING ha/wine/Fin Temp 63.54
RCVD: wine/data Cooling=0
SENDING ha/wine/Cooling Off
RCVD: wine/data Defrosting=0
SENDING ha/wine/Defrosting Normal
RCVD: wine/data Humidity=51.00
SENDING ha/wine/Humidity 51.31
RCVD: wine/data Room Temp=63.79
SENDING ha/wine/Room Temp 63.79
RCVD: wine/data Fin Temp=63.51
SENDING ha/wine/Fin Temp 63.51
RCVD: wine/data Cooling=0
SENDING ha/wine/Cooling Off
RCVD: wine/data Defrosting=0
SENDING ha/wine/Defrosting Normal
RCVD: wine/data Humidity=50.20
SENDING ha/wine/Humidity 50.51
RCVD: wine/data Room Temp=63.89
SENDING ha/wine/Room Temp 63.89
RCVD: wine/data Fin Temp=63.61
SENDING ha/wine/Fin Temp 63.61
RCVD: wine/data Cooling=0
SENDING ha/wine/Cooling Off
RCVD: wine/data Defrosting=0
SENDING ha/wine/Defrosting Normal
RCVD: wine/data Humidity=50.20
SENDING ha/wine/Humidity 50.2
RCVD: wine/data Room Temp=63.95
SENDING ha/wine/Room Temp 63.95
RCVD: wine/data Fin Temp=63.61
SENDING ha/wine/Fin Temp 63.61
RCVD: wine/data Cooling=0
SENDING ha/wine/Cooling Off
RCVD: wine/data Defrosting=0
SENDING ha/wine/Defrosting Normal
RCVD: wine/data Humidity=51.00
SENDING ha/wine/Humidity 51.9
RCVD: wine/data Room Temp=63.76
SENDING ha/wine/Room Temp 63.76
RCVD: wine/data Fin Temp=63.58
SENDING ha/wine/Fin Temp 63.58
RCVD: wine/data Cooling=0
SENDING ha/wine/Cooling Off
RCVD: wine/data Defrosting=0
SENDING ha/wine/Defrosting Normal
RCVD: wine/data Humidity=50.40
SENDING ha/wine/Humidity 50.24
RCVD: wine/data Room Temp=63.89
SENDING ha/wine/Room Temp 63.89
RCVD: wine/data Fin Temp=63.51
SENDING ha/wine/Fin Temp 63.51
RCVD: wine/data Cooling=0
SENDING ha/wine/Cooling Off
RCVD: wine/data Defrosting=0
SENDING ha/wine/Defrosting Normal
RCVD: wine/data Humidity=51.00
SENDING ha/wine/Humidity 51.14
RCVD: wine/data Room Temp=63.89
SENDING ha/wine/Room Temp 63.89
RCVD: wine/data Fin Temp=63.42
SENDING ha/wine/Fin Temp 63.42
RCVD: wine/data Cooling=0
SENDING ha/wine/Cooling Off
RCVD: wine/data Defrosting=0
SENDING ha/wine/Defrosting Normal
RCVD: wine/data Humidity=51.00
SENDING ha/wine/Humidity 51.26
RCVD: wine/data Room Temp=63.85
SENDING ha/wine/Room Temp 63.85
RCVD: wine/data Fin Temp=63.51
SENDING ha/wine/Fin Temp 63.51
RCVD: wine/data Cooling=0
SENDING ha/wine/Cooling Off
RCVD: wine/data Defrosting=0
SENDING ha/wine/Defrosting Normal
RCVD: wine/data Humidity=50.40
SENDING ha/wine/Humidity 50.39
RCVD: wine/data Room Temp=63.89
SENDING ha/wine/Room Temp 63.89
RCVD: wine/data Fin Temp=63.61
SENDING ha/wine/Fin Temp 63.61
RCVD: wine/data Cooling=0
SENDING ha/wine/Cooling Off
RCVD: wine/data Defrosting=0
SENDING ha/wine/Defrosting Normal
RCVD: wine/data Humidity=50.20
SENDING ha/wine/Humidity 50.49
RCVD: wine/data Room Temp=63.92
SENDING ha/wine/Room Temp 63.92
RCVD: wine/data Fin Temp=63.64
SENDING ha/wine/Fin Temp 63.64
RCVD: wine/data Cooling=0
SENDING ha/wine/Cooling Off
RCVD: wine/data Defrosting=0
SENDING ha/wine/Defrosting Normal
RCVD: wine/data Humidity=50.20
SENDING ha/wine/Humidity 50.21
RCVD: wine/data Room Temp=63.98
SENDING ha/wine/Room Temp 63.98
RCVD: wine/data Fin Temp=63.67
SENDING ha/wine/Fin Temp 63.67
RCVD: wine/data Cooling=0
SENDING ha/wine/Cooling Off
RCVD: wine/data Defrosting=0
SENDING ha/wine/Defrosting Normal
RCVD: wine/data Humidity=51.00
SENDING ha/wine/Humidity 51.47
RCVD: wine/data Room Temp=63.98
SENDING ha/wine/Room Temp 63.98
RCVD: wine/data Fin Temp=63.58
SENDING ha/wine/Fin Temp 63.58
RCVD: wine/data Cooling=0
SENDING ha/wine/Cooling Off
RCVD: wine/data Defrosting=0
SENDING ha/wine/Defrosting Normal
RCVD: wine/data Humidity=50.20
SENDING ha/wine/Humidity 50.32
RCVD: wine/data Room Temp=63.92
SENDING ha/wine/Room Temp 63.92
RCVD: wine/data Fin Temp=63.64
SENDING ha/wine/Fin Temp 63.64
RCVD: wine/data Cooling=0
SENDING ha/wine/Cooling Off
RCVD: wine/data Defrosting=0
SENDING ha/wine/Defrosting Normal
RCVD: wine/data Humidity=50.20
SENDING ha/wine/Humidity 50.40
RCVD: wine/data Room Temp=63.85
SENDING ha/wine/Room Temp 63.85
RCVD: wine/data Fin Temp=63.58
SENDING ha/wine/Fin Temp 63.58
RCVD: wine/data Cooling=0
SENDING ha/wine/Cooling Off
RCVD: wine/data Defrosting=0
SENDING ha/wine/Defrosting Normal
RCVD: wine/data Humidity=50.20
SENDING ha/wine/Humidity 50.6
RCVD: wine/data Room Temp=63.95
SENDING ha/wine/Room Temp 63.95
RCVD: wine/data Fin Temp=63.70
SENDING ha/wine/Fin Temp 63.70
RCVD: wine/data Cooling=0
SENDING ha/wine/Cooling Off
RCVD: wine/data Defrosting=0
SENDING ha/wine/Defrosting Normal
RCVD: wine/data Humidity=50.40
SENDING ha/wine/Humidity 50.20
RCVD: wine/data Room Temp=63.92
SENDING ha/wine/Room Temp 63.92
RCVD: wine/data Fin Temp=63.67
SENDING ha/wine/Fin Temp 63.67
RCVD: wine/data Cooling=0
SENDING ha/wine/Cooling Off
RCVD: wine/data Defrosting=0
SENDING ha/wine/Defrosting Normal
RCVD: wine/data Humidity=52.00
SENDING ha/wine/Humidity 52.52
RCVD: wine/data Room Temp=63.95
SENDING ha/wine/Room Temp 63.95
RCVD: wine/data Fin Temp=63.64
SENDING ha/wine/Fin Temp 63.64
RCVD: wine/data Cooling=0
SENDING ha/wine/Cooling Off
RCVD: wine/data Defrosting=0
SENDING ha/wine/Defrosting Normal
RCVD: wine/data Humidity=51.00
SENDING ha/wine/Humidity 51.39
RCVD: wine/data Room Temp=63.95
SENDING ha/wine/Room Temp 63.95
RCVD: wine/data Fin Temp=63.58
SENDING ha/wine/Fin Temp 63.58
RCVD: wine/data Cooling=0
SENDING ha/wine/Cooling Off
RCVD: wine/data Defrosting=0
SENDING ha/wine/Defrosting Normal
RCVD: wine/data Humidity=51.00
SENDING ha/wine/Humidity 51.37
RCVD: wine/data Room Temp=63.95
SENDING ha/wine/Room Temp 63.95
RCVD: wine/data Fin Temp=63.61
SENDING ha/wine/Fin Temp 63.61
RCVD: wine/data Cooling=0
SENDING ha/wine/Cooling Off
RCVD: wine/data Defrosting=0
SENDING ha/wine/Defrosting Normal
RCVD: wine/data Humidity=50.20
SENDING ha/wine/Humidity 50.52
RCVD: wine/data Room Temp=63.98
SENDING ha/wine/Room Temp 63.98
RCVD: wine/data Fin Temp=63.70
SENDING ha/wine/Fin Temp 63.70
RCVD: wine/data Cooling=0
SENDING ha/wine/Cooling Off
RCVD: wine/data Defrosting=0
SENDING ha/wine/Defrosting Normal
RCVD: wine/data Humidity=50.20
SENDING ha/wine/Humidity 50.40
RCVD: wine/debug Turning on AC
RCVD: wine/data Room Temp=64.01
SENDING ha/wine/Room Temp 64.01
RCVD: wine/data Fin Temp=63.70
SENDING ha/wine/Fin Temp 63.70
RCVD: wine/data Cooling=1
SENDING ha/wine/Cooling Cooling
RCVD: wine/data Defrosting=0
SENDING ha/wine/Defrosting Normal
RCVD: wine/data Humidity=51.00
SENDING ha/wine/Humidity 51.20
RCVD: wine/data Room Temp=64.01
SENDING ha/wine/Room Temp 64.01
RCVD: wine/data Fin Temp=63.54
SENDING ha/wine/Fin Temp 63.54
RCVD: wine/data Cooling=1
SENDING ha/wine/Cooling Cooling
RCVD: wine/data Defrosting=0
SENDING ha/wine/Defrosting Normal
RCVD: wine/data Humidity=50.20
SENDING ha/wine/Humidity 50.16
RCVD: wine/data Room Temp=63.98
SENDING ha/wine/Room Temp 63.98
RCVD: wine/data Fin Temp=62.83
SENDING ha/wine/Fin Temp 62.83
RCVD: wine/data Cooling=1
SENDING ha/wine/Cooling Cooling
RCVD: wine/data Defrosting=0
SENDING ha/wine/Defrosting Normal
RCVD: wine/data Humidity=50.20
SENDING ha/wine/Humidity 50.53
RCVD: wine/data Room Temp=63.95
SENDING ha/wine/Room Temp 63.95
RCVD: wine/data Fin Temp=62.43
SENDING ha/wine/Fin Temp 62.43
RCVD: wine/data Cooling=1
SENDING ha/wine/Cooling Cooling
RCVD: wine/data Defrosting=0
SENDING ha/wine/Defrosting Normal
RCVD: wine/data Humidity=50.20
SENDING ha/wine/Humidity 50.7
RCVD: wine/data Room Temp=63.70
SENDING ha/wine/Room Temp 63.70
RCVD: wine/data Fin Temp=62.46
SENDING ha/wine/Fin Temp 62.46
RCVD: wine/data Cooling=1
SENDING ha/wine/Cooling Cooling
RCVD: wine/data Defrosting=0
SENDING ha/wine/Defrosting Normal
RCVD: wine/data Humidity=51.00
SENDING ha/wine/Humidity 51.3
RCVD: wine/data Room Temp=64.01
SENDING ha/wine/Room Temp 64.01
RCVD: wine/data Fin Temp=62.40
SENDING ha/wine/Fin Temp 62.40
RCVD: wine/data Cooling=1
SENDING ha/wine/Cooling Cooling
RCVD: wine/data Defrosting=0
SENDING ha/wine/Defrosting Normal
RCVD: wine/data Humidity=50.20
SENDING ha/wine/Humidity 50.30
RCVD: wine/data Room Temp=63.92
SENDING ha/wine/Room Temp 63.92
RCVD: wine/data Fin Temp=62.37
SENDING ha/wine/Fin Temp 62.37
RCVD: wine/data Cooling=1
SENDING ha/wine/Cooling Cooling
RCVD: wine/data Defrosting=0
SENDING ha/wine/Defrosting Normal
RCVD: wine/data Humidity=50.20
SENDING ha/wine/Humidity 50.48
RCVD: wine/data Room Temp=63.79
SENDING ha/wine/Room Temp 63.79
RCVD: wine/data Fin Temp=62.27
SENDING ha/wine/Fin Temp 62.27
RCVD: wine/data Cooling=1
SENDING ha/wine/Cooling Cooling
RCVD: wine/data Defrosting=0
SENDING ha/wine/Defrosting Normal
RCVD: wine/data Humidity=50.20
SENDING ha/wine/Humidity 50.10
RCVD: wine/data Room Temp=63.98
SENDING ha/wine/Room Temp 63.98
RCVD: wine/data Fin Temp=62.37
SENDING ha/wine/Fin Temp 62.37
RCVD: wine/data Cooling=1
SENDING ha/wine/Cooling Cooling
RCVD: wine/data Defrosting=0
SENDING ha/wine/Defrosting Normal
RCVD: wine/data Humidity=51.20
SENDING ha/wine/Humidity 51.35
RCVD: wine/data Room Temp=63.89
SENDING ha/wine/Room Temp 63.89
RCVD: wine/data Fin Temp=62.30
SENDING ha/wine/Fin Temp 62.30
RCVD: wine/data Cooling=1
SENDING ha/wine/Cooling Cooling
RCVD: wine/data Defrosting=0
SENDING ha/wine/Defrosting Normal
RCVD: wine/data Humidity=50.40
SENDING ha/wine/Humidity 50.26
RCVD: wine/data Room Temp=64.01
SENDING ha/wine/Room Temp 64.01
RCVD: wine/data Fin Temp=62.30
SENDING ha/wine/Fin Temp 62.30
RCVD: wine/data Cooling=1
SENDING ha/wine/Cooling Cooling
RCVD: wine/data Defrosting=0
SENDING ha/wine/Defrosting Normal
RCVD: wine/data Humidity=51.20
SENDING ha/wine/Humidity 51.35
RCVD: wine/data Room Temp=63.95
SENDING ha/wine/Room Temp 63.95
RCVD: wine/data Fin Temp=62.12
SENDING ha/wine/Fin Temp 62.12
RCVD: wine/data Cooling=1
SENDING ha/wine/Cooling Cooling
RCVD: wine/data Defrosting=0
SENDING ha/wine/Defrosting Normal
RCVD: wine/data Humidity=51.00
SENDING ha/wine/Humidity 51.29
RCVD: wine/data Room Temp=63.89
SENDING ha/wine/Room Temp 63.89
RCVD: wine/data Fin Temp=62.06
SENDING ha/wine/Fin Temp 62.06
RCVD: wine/data Cooling=1
SENDING ha/wine/Cooling Cooling
RCVD: wine/data Defrosting=0
SENDING ha/wine/Defrosting Normal
RCVD: wine/data Humidity=52.00
SENDING ha/wine/Humidity 52.16
RCVD: wine/data Room Temp=63.95
SENDING ha/wine/Room Temp 63.95
RCVD: wine/data Fin Temp=62.12
SENDING ha/wine/Fin Temp 62.12
RCVD: wine/data Cooling=1
SENDING ha/wine/Cooling Cooling
RCVD: wine/data Defrosting=0
SENDING ha/wine/Defrosting Normal
RCVD: wine/data Humidity=51.20
SENDING ha/wine/Humidity 51.40
RCVD: wine/data Room Temp=63.95
SENDING ha/wine/Room Temp 63.95
RCVD: wine/data Fin Temp=62.18
SENDING ha/wine/Fin Temp 62.18
RCVD: wine/data Cooling=1
SENDING ha/wine/Cooling Cooling
RCVD: wine/data Defrosting=0
SENDING ha/wine/Defrosting Normal
RCVD: wine/data Humidity=52.00
SENDING ha/wine/Humidity 52.42
RCVD: wine/data Room Temp=63.85
SENDING ha/wine/Room Temp 63.85
RCVD: wine/data Fin Temp=62.12
SENDING ha/wine/Fin Temp 62.12
RCVD: wine/data Cooling=1
SENDING ha/wine/Cooling Cooling
RCVD: wine/data Defrosting=0
SENDING ha/wine/Defrosting Normal
RCVD: wine/data Humidity=52.00
SENDING ha/wine/Humidity 52.32
RCVD: wine/data Room Temp=63.95
SENDING ha/wine/Room Temp 63.95
RCVD: wine/data Fin Temp=62.03
SENDING ha/wine/Fin Temp 62.03
RCVD: wine/data Cooling=1
SENDING ha/wine/Cooling Cooling
RCVD: wine/data Defrosting=0
SENDING ha/wine/Defrosting Normal
RCVD: wine/data Humidity=51.40
SENDING ha/wine/Humidity 51.41
RCVD: wine/data Room Temp=63.89
SENDING ha/wine/Room Temp 63.89
RCVD: wine/data Fin Temp=62.03
SENDING ha/wine/Fin Temp 62.03
RCVD: wine/data Cooling=1
SENDING ha/wine/Cooling Cooling
RCVD: wine/data Defrosting=0
SENDING ha/wine/Defrosting Normal
RCVD: wine/data Humidity=51.20
SENDING ha/wine/Humidity 51.53
RCVD: wine/data Room Temp=63.82
SENDING ha/wine/Room Temp 63.82
RCVD: wine/data Fin Temp=61.90
SENDING ha/wine/Fin Temp 61.90
RCVD: wine/data Cooling=1
SENDING ha/wine/Cooling Cooling
RCVD: wine/data Defrosting=0
SENDING ha/wine/Defrosting Normal
RCVD: wine/data Humidity=51.40
SENDING ha/wine/Humidity 51.23
RCVD: wine/data Room Temp=63.92
SENDING ha/wine/Room Temp 63.92
RCVD: wine/data Fin Temp=61.99
SENDING ha/wine/Fin Temp 61.99
RCVD: wine/data Cooling=1
SENDING ha/wine/Cooling Cooling
RCVD: wine/data Defrosting=0
SENDING ha/wine/Defrosting Normal
RCVD: wine/data Humidity=51.20
SENDING ha/wine/Humidity 51.20
RCVD: wine/data Room Temp=63.89
SENDING ha/wine/Room Temp 63.89
RCVD: wine/data Fin Temp=61.87
SENDING ha/wine/Fin Temp 61.87
RCVD: wine/data Cooling=1
SENDING ha/wine/Cooling Cooling
RCVD: wine/data Defrosting=0
SENDING ha/wine/Defrosting Normal
RCVD: wine/data Humidity=51.20
SENDING ha/wine/Humidity 51.30
RCVD: wine/data Room Temp=63.92
SENDING ha/wine/Room Temp 63.92
RCVD: wine/data Fin Temp=62.03
SENDING ha/wine/Fin Temp 62.03
RCVD: wine/data Cooling=1
SENDING ha/wine/Cooling Cooling
RCVD: wine/data Defrosting=0
SENDING ha/wine/Defrosting Normal
RCVD: wine/data Humidity=51.20
SENDING ha/wine/Humidity 51.30
RCVD: wine/data Room Temp=63.95
SENDING ha/wine/Room Temp 63.95
RCVD: wine/data Fin Temp=61.78
SENDING ha/wine/Fin Temp 61.78
RCVD: wine/data Cooling=1
SENDING ha/wine/Cooling Cooling
RCVD: wine/data Defrosting=0
SENDING ha/wine/Defrosting Normal
RCVD: wine/data Humidity=51.20
SENDING ha/wine/Humidity 51.3
RCVD: wine/data Room Temp=63.89
SENDING ha/wine/Room Temp 63.89
RCVD: wine/data Fin Temp=61.99
SENDING ha/wine/Fin Temp 61.99
RCVD: wine/data Cooling=1
SENDING ha/wine/Cooling Cooling
RCVD: wine/data Defrosting=0
SENDING ha/wine/Defrosting Normal
RCVD: wine/data Humidity=52.00
SENDING ha/wine/Humidity 52.37
RCVD: wine/data Room Temp=63.89
SENDING ha/wine/Room Temp 63.89
RCVD: wine/data Fin Temp=62.09
SENDING ha/wine/Fin Temp 62.09
RCVD: wine/data Cooling=1
SENDING ha/wine/Cooling Cooling
RCVD: wine/data Defrosting=0
SENDING ha/wine/Defrosting Normal
RCVD: wine/data Humidity=51.20
SENDING ha/wine/Humidity 51.4
RCVD: wine/data Room Temp=63.76
SENDING ha/wine/Room Temp 63.76
RCVD: wine/data Fin Temp=61.93
SENDING ha/wine/Fin Temp 61.93
RCVD: wine/data Cooling=1
SENDING ha/wine/Cooling Cooling
RCVD: wine/data Defrosting=0
SENDING ha/wine/Defrosting Normal
RCVD: wine/data Humidity=51.20
SENDING ha/wine/Humidity 51.26
RCVD: wine/data Room Temp=63.92
SENDING ha/wine/Room Temp 63.92
RCVD: wine/data Fin Temp=61.87
SENDING ha/wine/Fin Temp 61.87
RCVD: wine/data Cooling=1
SENDING ha/wine/Cooling Cooling
RCVD: wine/data Defrosting=0
SENDING ha/wine/Defrosting Normal
RCVD: wine/data Humidity=51.20
SENDING ha/wine/Humidity 51.5
RCVD: wine/data Room Temp=63.79
SENDING ha/wine/Room Temp 63.79
RCVD: wine/data Fin Temp=61.96
SENDING ha/wine/Fin Temp 61.96
RCVD: wine/data Cooling=1
SENDING ha/wine/Cooling Cooling
RCVD: wine/data Defrosting=0
SENDING ha/wine/Defrosting Normal
RCVD: wine/data Humidity=51.20
SENDING ha/wine/Humidity 51.32
RCVD: wine/data Room Temp=63.85
SENDING ha/wine/Room Temp 63.85
RCVD: wine/data Fin Temp=61.96
SENDING ha/wine/Fin Temp 61.96
RCVD: wine/data Cooling=1
SENDING ha/wine/Cooling Cooling
RCVD: wine/data Defrosting=0
SENDING ha/wine/Defrosting Normal
RCVD: wine/data Humidity=52.00
SENDING ha/wine/Humidity 52.44
RCVD: wine/data Room Temp=63.79
SENDING ha/wine/Room Temp 63.79
RCVD: wine/data Fin Temp=61.87
SENDING ha/wine/Fin Temp 61.87
RCVD: wine/data Cooling=1
SENDING ha/wine/Cooling Cooling
RCVD: wine/data Defrosting=0
SENDING ha/wine/Defrosting Normal
RCVD: wine/data Humidity=52.00
SENDING ha/wine/Humidity 52.24
RCVD: wine/data Room Temp=63.79
SENDING ha/wine/Room Temp 63.79
RCVD: wine/data Fin Temp=61.84
SENDING ha/wine/Fin Temp 61.84
RCVD: wine/data Cooling=1
SENDING ha/wine/Cooling Cooling
RCVD: wine/data Defrosting=0
SENDING ha/wine/Defrosting Normal
RCVD: wine/data Humidity=51.20
SENDING ha/wine/Humidity 51.24
RCVD: wine/data Room Temp=63.76
SENDING ha/wine/Room Temp 63.76
RCVD: wine/data Fin Temp=61.93
SENDING ha/wine/Fin Temp 61.93
RCVD: wine/data Cooling=1
SENDING ha/wine/Cooling Cooling
RCVD: wine/data Defrosting=0
SENDING ha/wine/Defrosting Normal
RCVD: wine/data Humidity=51.20
SENDING ha/wine/Humidity 51.24
RCVD: wine/data Room Temp=63.82
SENDING ha/wine/Room Temp 63.82
RCVD: wine/data Fin Temp=61.87
SENDING ha/wine/Fin Temp 61.87
RCVD: wine/data Cooling=1
SENDING ha/wine/Cooling Cooling
RCVD: wine/data Defrosting=0
SENDING ha/wine/Defrosting Normal
RCVD: wine/data Humidity=51.20
SENDING ha/wine/Humidity 51.25
RCVD: wine/data Room Temp=63.82
SENDING ha/wine/Room Temp 63.82
RCVD: wine/data Fin Temp=61.90
SENDING ha/wine/Fin Temp 61.90
RCVD: wine/data Cooling=1
SENDING ha/wine/Cooling Cooling
RCVD: wine/data Defrosting=0
SENDING ha/wine/Defrosting Normal
RCVD: wine/data Humidity=51.20
SENDING ha/wine/Humidity 51.40
RCVD: wine/data Room Temp=63.89
SENDING ha/wine/Room Temp 63.89
RCVD: wine/data Fin Temp=61.78
SENDING ha/wine/Fin Temp 61.78
RCVD: wine/data Cooling=1
SENDING ha/wine/Cooling Cooling
RCVD: wine/data Defrosting=0
SENDING ha/wine/Defrosting Normal
RCVD: wine/data Humidity=51.20
SENDING ha/wine/Humidity 51.16
RCVD: wine/data Room Temp=63.79
SENDING ha/wine/Room Temp 63.79
RCVD: wine/data Fin Temp=61.78
SENDING ha/wine/Fin Temp 61.78
RCVD: wine/data Cooling=1
SENDING ha/wine/Cooling Cooling
RCVD: wine/data Defrosting=0
SENDING ha/wine/Defrosting Normal
RCVD: wine/data Humidity=51.40
SENDING ha/wine/Humidity 51.35
RCVD: wine/data Room Temp=63.79
SENDING ha/wine/Room Temp 63.79
RCVD: wine/data Fin Temp=61.96
SENDING ha/wine/Fin Temp 61.96
RCVD: wine/data Cooling=1
SENDING ha/wine/Cooling Cooling
RCVD: wine/data Defrosting=0
SENDING ha/wine/Defrosting Normal
RCVD: wine/data Humidity=51.20
SENDING ha/wine/Humidity 51.26
RCVD: wine/data Room Temp=63.85
SENDING ha/wine/Room Temp 63.85
RCVD: wine/data Fin Temp=61.81
SENDING ha/wine/Fin Temp 61.81
RCVD: wine/data Cooling=1
SENDING ha/wine/Cooling Cooling
RCVD: wine/data Defrosting=0
SENDING ha/wine/Defrosting Normal
RCVD: wine/data Humidity=51.20
SENDING ha/wine/Humidity 51.42
RCVD: wine/data Room Temp=63.89
SENDING ha/wine/Room Temp 63.89
RCVD: wine/data Fin Temp=61.87
SENDING ha/wine/Fin Temp 61.87
RCVD: wine/data Cooling=1
SENDING ha/wine/Cooling Cooling
RCVD: wine/data Defrosting=0
SENDING ha/wine/Defrosting Normal
RCVD: wine/data Humidity=51.20
SENDING ha/wine/Humidity 51.17
RCVD: wine/data Room Temp=63.85
SENDING ha/wine/Room Temp 63.85
RCVD: wine/data Fin Temp=61.81
SENDING ha/wine/Fin Temp 61.81
RCVD: wine/data Cooling=1
SENDING ha/wine/Cooling Cooling
RCVD: wine/data Defrosting=0
SENDING ha/wine/Defrosting Normal
RCVD: wine/data Humidity=51.20
SENDING ha/wine/Humidity 51.36
RCVD: wine/data Room Temp=63.79
SENDING ha/wine/Room Temp 63.79
RCVD: wine/data Fin Temp=61.84
SENDING ha/wine/Fin Temp 61.84
RCVD: wine/data Cooling=1
SENDING ha/wine/Cooling Cooling
RCVD: wine/data Defrosting=0
SENDING ha/wine/Defrosting Normal
RCVD: wine/data Humidity=51.20
SENDING ha/wine/Humidity 51.29
RCVD: wine/data Room Temp=63.64
SENDING ha/wine/Room Temp 63.64
RCVD: wine/data Fin Temp=61.84
SENDING ha/wine/Fin Temp 61.84
RCVD: wine/data Cooling=1
SENDING ha/wine/Cooling Cooling
RCVD: wine/data Defrosting=0
SENDING ha/wine/Defrosting Normal
RCVD: wine/data Humidity=52.00
SENDING ha/wine/Humidity 52.52
RCVD: wine/data Room Temp=63.85
SENDING ha/wine/Room Temp 63.85
RCVD: wine/data Fin Temp=61.75
SENDING ha/wine/Fin Temp 61.75
RCVD: wine/data Cooling=1
SENDING ha/wine/Cooling Cooling
RCVD: wine/data Defrosting=0
SENDING ha/wine/Defrosting Normal
RCVD: wine/data Humidity=52.00
SENDING ha/wine/Humidity 52.39
RCVD: wine/data Room Temp=63.89
SENDING ha/wine/Room Temp 63.89
RCVD: wine/data Fin Temp=61.84
SENDING ha/wine/Fin Temp 61.84
RCVD: wine/data Cooling=1
SENDING ha/wine/Cooling Cooling
RCVD: wine/data Defrosting=0
SENDING ha/wine/Defrosting Normal
RCVD: wine/data Humidity=52.00
SENDING ha/wine/Humidity 52.24
RCVD: wine/data Room Temp=63.70
SENDING ha/wine/Room Temp 63.70
RCVD: wine/data Fin Temp=61.72
SENDING ha/wine/Fin Temp 61.72
RCVD: wine/data Cooling=1
SENDING ha/wine/Cooling Cooling
RCVD: wine/data Defrosting=0
SENDING ha/wine/Defrosting Normal
RCVD: wine/data Humidity=51.20
SENDING ha/wine/Humidity 51.20
RCVD: wine/data Room Temp=63.70
SENDING ha/wine/Room Temp 63.70
RCVD: wine/data Fin Temp=61.68
SENDING ha/wine/Fin Temp 61.68
RCVD: wine/data Cooling=1
SENDING ha/wine/Cooling Cooling
RCVD: wine/data Defrosting=0
SENDING ha/wine/Defrosting Normal
RCVD: wine/data Humidity=52.40
SENDING ha/wine/Humidity 52.33
RCVD: wine/data Room Temp=63.79
SENDING ha/wine/Room Temp 63.79
RCVD: wine/data Fin Temp=61.68
SENDING ha/wine/Fin Temp 61.68
RCVD: wine/data Cooling=1
SENDING ha/wine/Cooling Cooling
RCVD: wine/data Defrosting=0
SENDING ha/wine/Defrosting Normal
RCVD: wine/data Humidity=51.20
SENDING ha/wine/Humidity 51.10
RCVD: wine/data Room Temp=63.82
SENDING ha/wine/Room Temp 63.82
RCVD: wine/data Fin Temp=61.72
SENDING ha/wine/Fin Temp 61.72
RCVD: wine/data Cooling=1
SENDING ha/wine/Cooling Cooling
RCVD: wine/data Defrosting=0
SENDING ha/wine/Defrosting Normal
RCVD: wine/data Humidity=52.00
SENDING ha/wine/Humidity 52.16
RCVD: wine/data Room Temp=63.64
SENDING ha/wine/Room Temp 63.64
RCVD: wine/data Fin Temp=61.65
SENDING ha/wine/Fin Temp 61.65
RCVD: wine/data Cooling=1
SENDING ha/wine/Cooling Cooling
RCVD: wine/data Defrosting=0
SENDING ha/wine/Defrosting Normal
RCVD: wine/data Humidity=53.60
SENDING ha/wine/Humidity 53.34
RCVD: wine/data Room Temp=63.76
SENDING ha/wine/Room Temp 63.76
RCVD: wine/data Fin Temp=61.68
SENDING ha/wine/Fin Temp 61.68
RCVD: wine/data Cooling=1
SENDING ha/wine/Cooling Cooling
RCVD: wine/data Defrosting=0
SENDING ha/wine/Defrosting Normal
RCVD: wine/data Humidity=51.20
SENDING ha/wine/Humidity 51.23
RCVD: wine/data Room Temp=63.89
SENDING ha/wine/Room Temp 63.89
RCVD: wine/data Fin Temp=61.68
SENDING ha/wine/Fin Temp 61.68
RCVD: wine/data Cooling=1
SENDING ha/wine/Cooling Cooling
RCVD: wine/data Defrosting=0
SENDING ha/wine/Defrosting Normal
RCVD: wine/data Humidity=52.00
SENDING ha/wine/Humidity 52.34
RCVD: wine/data Room Temp=63.79
SENDING ha/wine/Room Temp 63.79
RCVD: wine/data Fin Temp=61.59
SENDING ha/wine/Fin Temp 61.59
RCVD: wine/data Cooling=1
SENDING ha/wine/Cooling Cooling
RCVD: wine/data Defrosting=0
SENDING ha/wine/Defrosting Normal
RCVD: wine/data Humidity=52.00
SENDING ha/wine/Humidity 52.52
RCVD: wine/data Room Temp=63.79
SENDING ha/wine/Room Temp 63.79
RCVD: wine/data Fin Temp=61.72
SENDING ha/wine/Fin Temp 61.72
RCVD: wine/data Cooling=1
SENDING ha/wine/Cooling Cooling
RCVD: wine/data Defrosting=0
SENDING ha/wine/Defrosting Normal
RCVD: wine/data Humidity=52.00
SENDING ha/wine/Humidity 52.21
RCVD: wine/data Room Temp=63.85
SENDING ha/wine/Room Temp 63.85
RCVD: wine/data Fin Temp=61.62
SENDING ha/wine/Fin Temp 61.62
RCVD: wine/data Cooling=1
SENDING ha/wine/Cooling Cooling
RCVD: wine/data Defrosting=0
SENDING ha/wine/Defrosting Normal
RCVD: wine/data Humidity=52.00
SENDING ha/wine/Humidity 52.18
RCVD: wine/data Room Temp=63.82
SENDING ha/wine/Room Temp 63.82
RCVD: wine/data Fin Temp=61.65
SENDING ha/wine/Fin Temp 61.65
RCVD: wine/data Cooling=1
SENDING ha/wine/Cooling Cooling
RCVD: wine/data Defrosting=0
SENDING ha/wine/Defrosting Normal
RCVD: wine/data Humidity=52.00
SENDING ha/wine/Humidity 52.20
RCVD: wine/data Room Temp=63.70
SENDING ha/wine/Room Temp 63.70
RCVD: wine/data Fin Temp=61.72
SENDING ha/wine/Fin Temp 61.72
RCVD: wine/data Cooling=1
SENDING ha/wine/Cooling Cooling
RCVD: wine/data Defrosting=0
SENDING ha/wine/Defrosting Normal
RCVD: wine/data Humidity=51.80
SENDING ha/wine/Humidity 51.47
RCVD: wine/data Room Temp=63.67
SENDING ha/wine/Room Temp 63.67
RCVD: wine/data Fin Temp=61.62
SENDING ha/wine/Fin Temp 61.62
RCVD: wine/data Cooling=1
SENDING ha/wine/Cooling Cooling
RCVD: wine/data Defrosting=0
SENDING ha/wine/Defrosting Normal
RCVD: wine/data Humidity=52.00
SENDING ha/wine/Humidity 52.46
RCVD: wine/data Room Temp=63.70
SENDING ha/wine/Room Temp 63.70
RCVD: wine/data Fin Temp=61.62
SENDING ha/wine/Fin Temp 61.62
RCVD: wine/data Cooling=1
SENDING ha/wine/Cooling Cooling
RCVD: wine/data Defrosting=0
SENDING ha/wine/Defrosting Normal
RCVD: wine/data Humidity=52.00
SENDING ha/wine/Humidity 52.18
RCVD: wine/data Room Temp=63.76
SENDING ha/wine/Room Temp 63.76
RCVD: wine/data Fin Temp=61.75
SENDING ha/wine/Fin Temp 61.75
RCVD: wine/data Cooling=1
SENDING ha/wine/Cooling Cooling
RCVD: wine/data Defrosting=0
SENDING ha/wine/Defrosting Normal
RCVD: wine/data Humidity=52.00
SENDING ha/wine/Humidity 52.16
RCVD: wine/data Room Temp=63.67
SENDING ha/wine/Room Temp 63.67
RCVD: wine/data Fin Temp=61.68
SENDING ha/wine/Fin Temp 61.68
RCVD: wine/data Cooling=1
SENDING ha/wine/Cooling Cooling
RCVD: wine/data Defrosting=0
SENDING ha/wine/Defrosting Normal
RCVD: wine/data Humidity=52.00
SENDING ha/wine/Humidity 52.11
RCVD: wine/data Room Temp=63.58
SENDING ha/wine/Room Temp 63.58
RCVD: wine/data Fin Temp=61.84
SENDING ha/wine/Fin Temp 61.84
RCVD: wine/data Cooling=1
SENDING ha/wine/Cooling Cooling
RCVD: wine/data Defrosting=0
SENDING ha/wine/Defrosting Normal
RCVD: wine/data Humidity=52.00
SENDING ha/wine/Humidity 52.17
RCVD: wine/data Room Temp=63.73
SENDING ha/wine/Room Temp 63.73
RCVD: wine/data Fin Temp=61.62
SENDING ha/wine/Fin Temp 61.62
RCVD: wine/data Cooling=1
SENDING ha/wine/Cooling Cooling
RCVD: wine/data Defrosting=0
SENDING ha/wine/Defrosting Normal
RCVD: wine/data Humidity=52.00
SENDING ha/wine/Humidity 52.45
RCVD: wine/data Room Temp=63.73
SENDING ha/wine/Room Temp 63.73
RCVD: wine/data Fin Temp=61.65
SENDING ha/wine/Fin Temp 61.65
RCVD: wine/data Cooling=1
SENDING ha/wine/Cooling Cooling
RCVD: wine/data Defrosting=0
SENDING ha/wine/Defrosting Normal
RCVD: wine/data Humidity=52.80
SENDING ha/wine/Humidity 52.2
RCVD: wine/data Room Temp=63.58
SENDING ha/wine/Room Temp 63.58
RCVD: wine/data Fin Temp=61.65
SENDING ha/wine/Fin Temp 61.65
RCVD: wine/data Cooling=1
SENDING ha/wine/Cooling Cooling
RCVD: wine/data Defrosting=0
SENDING ha/wine/Defrosting Normal
RCVD: wine/data Humidity=52.20
SENDING ha/wine/Humidity 52.16
RCVD: wine/data Room Temp=63.67
SENDING ha/wine/Room Temp 63.67
RCVD: wine/data Fin Temp=61.59
SENDING ha/wine/Fin Temp 61.59
RCVD: wine/data Cooling=1
SENDING ha/wine/Cooling Cooling
RCVD: wine/data Defrosting=0
SENDING ha/wine/Defrosting Normal
RCVD: wine/data Humidity=52.60
SENDING ha/wine/Humidity 52.25
RCVD: wine/data Room Temp=63.64
SENDING ha/wine/Room Temp 63.64
RCVD: wine/data Fin Temp=61.68
SENDING ha/wine/Fin Temp 61.68
RCVD: wine/data Cooling=1
SENDING ha/wine/Cooling Cooling
RCVD: wine/data Defrosting=0
SENDING ha/wine/Defrosting Normal
RCVD: wine/data Humidity=52.00
SENDING ha/wine/Humidity 52.15
RCVD: wine/data Room Temp=63.79
SENDING ha/wine/Room Temp 63.79
RCVD: wine/data Fin Temp=61.50
SENDING ha/wine/Fin Temp 61.50
RCVD: wine/data Cooling=1
SENDING ha/wine/Cooling Cooling
RCVD: wine/data Defrosting=0
SENDING ha/wine/Defrosting Normal
RCVD: wine/data Humidity=52.00
SENDING ha/wine/Humidity 52.47
RCVD: wine/data Room Temp=63.64
SENDING ha/wine/Room Temp 63.64
RCVD: wine/data Fin Temp=61.65
SENDING ha/wine/Fin Temp 61.65
RCVD: wine/data Cooling=1
SENDING ha/wine/Cooling Cooling
RCVD: wine/data Defrosting=0
SENDING ha/wine/Defrosting Normal
RCVD: wine/data Humidity=52.20
SENDING ha/wine/Humidity 52.12
RCVD: wine/data Room Temp=63.73
SENDING ha/wine/Room Temp 63.73
RCVD: wine/data Fin Temp=61.68
SENDING ha/wine/Fin Temp 61.68
RCVD: wine/data Cooling=1
SENDING ha/wine/Cooling Cooling
RCVD: wine/data Defrosting=0
SENDING ha/wine/Defrosting Normal
RCVD: wine/data Humidity=52.20
SENDING ha/wine/Humidity 52.36
RCVD: wine/data Room Temp=63.67
SENDING ha/wine/Room Temp 63.67
RCVD: wine/data Fin Temp=61.65
SENDING ha/wine/Fin Temp 61.65
RCVD: wine/data Cooling=1
SENDING ha/wine/Cooling Cooling
RCVD: wine/data Defrosting=0
SENDING ha/wine/Defrosting Normal
RCVD: wine/data Humidity=52.00
SENDING ha/wine/Humidity 52.11
RCVD: wine/data Room Temp=63.89
SENDING ha/wine/Room Temp 63.89
RCVD: wine/data Fin Temp=61.68
SENDING ha/wine/Fin Temp 61.68
RCVD: wine/data Cooling=1
SENDING ha/wine/Cooling Cooling
RCVD: wine/data Defrosting=0
SENDING ha/wine/Defrosting Normal
RCVD: wine/data Humidity=51.80
SENDING ha/wine/Humidity 51.55
RCVD: wine/data Room Temp=63.70
SENDING ha/wine/Room Temp 63.70
RCVD: wine/data Fin Temp=61.53
SENDING ha/wine/Fin Temp 61.53
RCVD: wine/data Cooling=1
SENDING ha/wine/Cooling Cooling
RCVD: wine/data Defrosting=0
SENDING ha/wine/Defrosting Normal
RCVD: wine/data Humidity=53.00
SENDING ha/wine/Humidity 53.28
RCVD: wine/data Room Temp=63.76
SENDING ha/wine/Room Temp 63.76
RCVD: wine/data Fin Temp=61.68
SENDING ha/wine/Fin Temp 61.68
RCVD: wine/data Cooling=1
SENDING ha/wine/Cooling Cooling
RCVD: wine/data Defrosting=0
SENDING ha/wine/Defrosting Normal
RCVD: wine/data Humidity=52.20
SENDING ha/wine/Humidity 52.53
RCVD: wine/data Room Temp=63.79
SENDING ha/wine/Room Temp 63.79
RCVD: wine/data Fin Temp=61.65
SENDING ha/wine/Fin Temp 61.65
RCVD: wine/data Cooling=1
SENDING ha/wine/Cooling Cooling
RCVD: wine/data Defrosting=0
SENDING ha/wine/Defrosting Normal
RCVD: wine/data Humidity=52.00
SENDING ha/wine/Humidity 52.42
RCVD: wine/data Room Temp=63.76
SENDING ha/wine/Room Temp 63.76
RCVD: wine/data Fin Temp=61.62
SENDING ha/wine/Fin Temp 61.62
RCVD: wine/data Cooling=1
SENDING ha/wine/Cooling Cooling
RCVD: wine/data Defrosting=0
SENDING ha/wine/Defrosting Normal
RCVD: wine/data Humidity=52.20
SENDING ha/wine/Humidity 52.16
RCVD: wine/data Room Temp=63.73
SENDING ha/wine/Room Temp 63.73
RCVD: wine/data Fin Temp=61.62
SENDING ha/wine/Fin Temp 61.62
RCVD: wine/data Cooling=1
SENDING ha/wine/Cooling Cooling
RCVD: wine/data Defrosting=0
SENDING ha/wine/Defrosting Normal
RCVD: wine/data Humidity=53.00
SENDING ha/wine/Humidity 53.6
RCVD: wine/data Room Temp=63.67
SENDING ha/wine/Room Temp 63.67
RCVD: wine/data Fin Temp=61.65
SENDING ha/wine/Fin Temp 61.65
RCVD: wine/data Cooling=1
SENDING ha/wine/Cooling Cooling
RCVD: wine/data Defrosting=0
SENDING ha/wine/Defrosting Normal
RCVD: wine/data Humidity=52.20
SENDING ha/wine/Humidity 52.19
RCVD: wine/data Room Temp=63.73
SENDING ha/wine/Room Temp 63.73
RCVD: wine/data Fin Temp=61.62
SENDING ha/wine/Fin Temp 61.62
RCVD: wine/data Cooling=1
SENDING ha/wine/Cooling Cooling
RCVD: wine/data Defrosting=0
SENDING ha/wine/Defrosting Normal
RCVD: wine/data Humidity=52.20
SENDING ha/wine/Humidity 52.21
RCVD: wine/data Room Temp=63.76
SENDING ha/wine/Room Temp 63.76
RCVD: wine/data Fin Temp=61.68
SENDING ha/wine/Fin Temp 61.68
RCVD: wine/data Cooling=1
SENDING ha/wine/Cooling Cooling
RCVD: wine/data Defrosting=0
SENDING ha/wine/Defrosting Normal
RCVD: wine/data Humidity=52.20
SENDING ha/wine/Humidity 52.43
RCVD: wine/data Room Temp=63.73
SENDING ha/wine/Room Temp 63.73
RCVD: wine/data Fin Temp=61.53
SENDING ha/wine/Fin Temp 61.53
RCVD: wine/data Cooling=1
SENDING ha/wine/Cooling Cooling
RCVD: wine/data Defrosting=0
SENDING ha/wine/Defrosting Normal
RCVD: wine/data Humidity=53.00
SENDING ha/wine/Humidity 53.22
RCVD: wine/data Room Temp=63.67
SENDING ha/wine/Room Temp 63.67
RCVD: wine/data Fin Temp=61.84
SENDING ha/wine/Fin Temp 61.84
RCVD: wine/data Cooling=1
SENDING ha/wine/Cooling Cooling
RCVD: wine/data Defrosting=0
SENDING ha/wine/Defrosting Normal
RCVD: wine/data Humidity=52.20
SENDING ha/wine/Humidity 52.19
RCVD: myhome/wine/setfinmintemp 70.0
DBG2: 70.0
RCVD: wine/data DesiredTemp=61
SENDING ha/wine/DesiredTemp 61
RCVD: wine/data finMinTemp=70
SENDING ha/wine/finMinTemp 70
RCVD: wine/data deadband=3
SENDING ha/wine/deadband 3
RCVD: wine/data heaterPower=500
SENDING ha/wine/heaterPower 500
RCVD: wine/debug Turning off heating due to finTemp
RCVD: wine/data Room Temp=63.64
SENDING ha/wine/Room Temp 63.64
RCVD: wine/data Fin Temp=61.68
SENDING ha/wine/Fin Temp 61.68
RCVD: wine/data Cooling=0
SENDING ha/wine/Cooling Off
RCVD: wine/data Defrosting=1
SENDING ha/wine/Defrosting Defrosting
RCVD: wine/data Humidity=53.00
SENDING ha/wine/Humidity 53.48
RCVD: wine/data Room Temp=63.73
SENDING ha/wine/Room Temp 63.73
RCVD: wine/data Fin Temp=61.75
SENDING ha/wine/Fin Temp 61.75
RCVD: wine/data Cooling=0
SENDING ha/wine/Cooling Off
RCVD: wine/data Defrosting=1
SENDING ha/wine/Defrosting Defrosting
RCVD: wine/data Humidity=52.20
SENDING ha/wine/Humidity 52.24
RCVD: wine/data Room Temp=63.76
SENDING ha/wine/Room Temp 63.76
RCVD: wine/data Fin Temp=61.68
SENDING ha/wine/Fin Temp 61.68
RCVD: wine/data Cooling=0
SENDING ha/wine/Cooling Off
RCVD: wine/data Defrosting=1
SENDING ha/wine/Defrosting Defrosting
RCVD: wine/data Humidity=53.00
SENDING ha/wine/Humidity 53.39
RCVD: wine/data Room Temp=63.70
SENDING ha/wine/Room Temp 63.70
RCVD: wine/data Fin Temp=61.72
SENDING ha/wine/Fin Temp 61.72
RCVD: wine/data Cooling=0
SENDING ha/wine/Cooling Off
RCVD: wine/data Defrosting=1
SENDING ha/wine/Defrosting Defrosting
RCVD: wine/data Humidity=52.20
SENDING ha/wine/Humidity 52.29
RCVD: wine/data Room Temp=63.85
SENDING ha/wine/Room Temp 63.85
RCVD: wine/data Fin Temp=61.72
SENDING ha/wine/Fin Temp 61.72
RCVD: wine/data Cooling=0
SENDING ha/wine/Cooling Off
RCVD: wine/data Defrosting=1
SENDING ha/wine/Defrosting Defrosting
RCVD: wine/data Humidity=52.20
SENDING ha/wine/Humidity 52.47
RCVD: wine/data Room Temp=63.79
SENDING ha/wine/Room Temp 63.79
RCVD: wine/data Fin Temp=61.75
SENDING ha/wine/Fin Temp 61.75
RCVD: wine/data Cooling=0
SENDING ha/wine/Cooling Off
RCVD: wine/data Defrosting=1
SENDING ha/wine/Defrosting Defrosting
RCVD: wine/data Humidity=52.20
SENDING ha/wine/Humidity 52.18
RCVD: wine/data Room Temp=63.76
SENDING ha/wine/Room Temp 63.76
RCVD: wine/data Fin Temp=61.75
SENDING ha/wine/Fin Temp 61.75
RCVD: wine/data Cooling=0
SENDING ha/wine/Cooling Off
RCVD: wine/data Defrosting=1
SENDING ha/wine/Defrosting Defrosting
RCVD: wine/data Humidity=52.20
SENDING ha/wine/Humidity 52.7
RCVD: wine/data Room Temp=63.85
SENDING ha/wine/Room Temp 63.85
RCVD: wine/data Fin Temp=61.78
SENDING ha/wine/Fin Temp 61.78
RCVD: wine/data Cooling=0
SENDING ha/wine/Cooling Off
RCVD: wine/data Defrosting=1
SENDING ha/wine/Defrosting Defrosting
RCVD: wine/data Humidity=52.20
SENDING ha/wine/Humidity 52.54
RCVD: wine/data Room Temp=63.79
SENDING ha/wine/Room Temp 63.79
RCVD: wine/data Fin Temp=61.81
SENDING ha/wine/Fin Temp 61.81
RCVD: wine/data Cooling=0
SENDING ha/wine/Cooling Off
RCVD: wine/data Defrosting=1
SENDING ha/wine/Defrosting Defrosting
RCVD: wine/data Humidity=52.20
SENDING ha/wine/Humidity 52.50
RCVD: wine/data Room Temp=63.82
SENDING ha/wine/Room Temp 63.82
RCVD: wine/data Fin Temp=61.78
SENDING ha/wine/Fin Temp 61.78
RCVD: wine/data Cooling=0
SENDING ha/wine/Cooling Off
RCVD: wine/data Defrosting=1
SENDING ha/wine/Defrosting Defrosting
RCVD: wine/data Humidity=53.00
SENDING ha/wine/Humidity 53.45
RCVD: wine/data Room Temp=63.89
SENDING ha/wine/Room Temp 63.89
RCVD: wine/data Fin Temp=61.75
SENDING ha/wine/Fin Temp 61.75
RCVD: wine/data Cooling=0
SENDING ha/wine/Cooling Off
RCVD: wine/data Defrosting=1
SENDING ha/wine/Defrosting Defrosting
RCVD: wine/data Humidity=53.00
SENDING ha/wine/Humidity 53.52
RCVD: wine/data Room Temp=63.73
SENDING ha/wine/Room Temp 63.73
RCVD: wine/data Fin Temp=61.65
SENDING ha/wine/Fin Temp 61.65
RCVD: wine/data Cooling=0
SENDING ha/wine/Cooling Off
RCVD: wine/data Defrosting=1
SENDING ha/wine/Defrosting Defrosting
RCVD: wine/data Humidity=53.00
SENDING ha/wine/Humidity 53.17
RCVD: wine/data Room Temp=63.92
SENDING ha/wine/Room Temp 63.92
RCVD: wine/data Fin Temp=61.75
SENDING ha/wine/Fin Temp 61.75
RCVD: wine/data Cooling=0
SENDING ha/wine/Cooling Off
RCVD: wine/data Defrosting=1
SENDING ha/wine/Defrosting Defrosting
RCVD: wine/data Humidity=52.20
SENDING ha/wine/Humidity 52.29
RCVD: wine/data Room Temp=63.92
SENDING ha/wine/Room Temp 63.92
RCVD: wine/data Fin Temp=61.75
SENDING ha/wine/Fin Temp 61.75
RCVD: wine/data Cooling=0
SENDING ha/wine/Cooling Off
RCVD: wine/data Defrosting=1
SENDING ha/wine/Defrosting Defrosting
RCVD: wine/data Humidity=52.20
SENDING ha/wine/Humidity 52.53
RCVD: wine/data Room Temp=63.79
SENDING ha/wine/Room Temp 63.79
RCVD: wine/data Fin Temp=61.81
SENDING ha/wine/Fin Temp 61.81
RCVD: wine/data Cooling=0
SENDING ha/wine/Cooling Off
RCVD: wine/data Defrosting=1
SENDING ha/wine/Defrosting Defrosting
RCVD: wine/data Humidity=52.20
SENDING ha/wine/Humidity 52.32
RCVD: wine/data Room Temp=63.79
SENDING ha/wine/Room Temp 63.79
RCVD: wine/data Fin Temp=61.78
SENDING ha/wine/Fin Temp 61.78
RCVD: wine/data Cooling=0
SENDING ha/wine/Cooling Off
RCVD: wine/data Defrosting=1
SENDING ha/wine/Defrosting Defrosting
RCVD: wine/data Humidity=52.20
SENDING ha/wine/Humidity 52.27
RCVD: wine/data Room Temp=63.89
SENDING ha/wine/Room Temp 63.89
RCVD: wine/data Fin Temp=61.75
SENDING ha/wine/Fin Temp 61.75
RCVD: wine/data Cooling=0
SENDING ha/wine/Cooling Off
RCVD: wine/data Defrosting=1
SENDING ha/wine/Defrosting Defrosting
RCVD: wine/data Humidity=52.20
SENDING ha/wine/Humidity 52.48
RCVD: wine/data Room Temp=63.82
SENDING ha/wine/Room Temp 63.82
RCVD: wine/data Fin Temp=61.81
SENDING ha/wine/Fin Temp 61.81
RCVD: wine/data Cooling=0
SENDING ha/wine/Cooling Off
RCVD: wine/data Defrosting=1
SENDING ha/wine/Defrosting Defrosting
RCVD: wine/data Humidity=53.00
SENDING ha/wine/Humidity 53.24
RCVD: wine/data Room Temp=63.85
SENDING ha/wine/Room Temp 63.85
RCVD: wine/data Fin Temp=61.81
SENDING ha/wine/Fin Temp 61.81
RCVD: wine/data Cooling=0
SENDING ha/wine/Cooling Off
RCVD: wine/data Defrosting=1
SENDING ha/wine/Defrosting Defrosting
RCVD: wine/data Humidity=52.40
SENDING ha/wine/Humidity 52.38
RCVD: wine/data Room Temp=63.85
SENDING ha/wine/Room Temp 63.85
RCVD: wine/data Fin Temp=61.78
SENDING ha/wine/Fin Temp 61.78
RCVD: wine/data Cooling=0
SENDING ha/wine/Cooling Off
RCVD: wine/data Defrosting=1
SENDING ha/wine/Defrosting Defrosting
RCVD: wine/data Humidity=52.20
SENDING ha/wine/Humidity 52.50
RCVD: wine/data Room Temp=63.85
SENDING ha/wine/Room Temp 63.85
RCVD: wine/data Fin Temp=61.87
SENDING ha/wine/Fin Temp 61.87
RCVD: wine/data Cooling=0
SENDING ha/wine/Cooling Off
RCVD: wine/data Defrosting=1
SENDING ha/wine/Defrosting Defrosting
RCVD: wine/data Humidity=52.20
SENDING ha/wine/Humidity 52.8
RCVD: wine/data Room Temp=63.76
SENDING ha/wine/Room Temp 63.76
RCVD: wine/data Fin Temp=61.78
SENDING ha/wine/Fin Temp 61.78
RCVD: wine/data Cooling=0
SENDING ha/wine/Cooling Off
RCVD: wine/data Defrosting=1
SENDING ha/wine/Defrosting Defrosting
RCVD: wine/data Humidity=52.20
SENDING ha/wine/Humidity 52.52
RCVD: wine/data Room Temp=63.85
SENDING ha/wine/Room Temp 63.85
RCVD: wine/data Fin Temp=61.68
SENDING ha/wine/Fin Temp 61.68
RCVD: wine/data Cooling=0
SENDING ha/wine/Cooling Off
RCVD: wine/data Defrosting=1
SENDING ha/wine/Defrosting Defrosting
RCVD: wine/data Humidity=53.00
SENDING ha/wine/Humidity 53.20
RCVD: wine/data Room Temp=63.85
SENDING ha/wine/Room Temp 63.85
RCVD: wine/data Fin Temp=61.78
SENDING ha/wine/Fin Temp 61.78
RCVD: wine/data Cooling=0
SENDING ha/wine/Cooling Off
RCVD: wine/data Defrosting=1
SENDING ha/wine/Defrosting Defrosting
RCVD: wine/data Humidity=52.20
SENDING ha/wine/Humidity 52.30
RCVD: wine/data Room Temp=63.85
SENDING ha/wine/Room Temp 63.85
RCVD: wine/data Fin Temp=61.72
SENDING ha/wine/Fin Temp 61.72
RCVD: wine/data Cooling=0
SENDING ha/wine/Cooling Off
RCVD: wine/data Defrosting=1
SENDING ha/wine/Defrosting Defrosting
RCVD: wine/data Humidity=52.20
SENDING ha/wine/Humidity 52.25
RCVD: wine/data Room Temp=63.95
SENDING ha/wine/Room Temp 63.95
RCVD: wine/data Fin Temp=61.72
SENDING ha/wine/Fin Temp 61.72
RCVD: wine/data Cooling=0
SENDING ha/wine/Cooling Off
RCVD: wine/data Defrosting=1
SENDING ha/wine/Defrosting Defrosting
RCVD: wine/data Humidity=52.20
SENDING ha/wine/Humidity 52.52
RCVD: myhome/wine/setfinmintemp 36.0
DBG2: 36.0
RCVD: wine/data DesiredTemp=61
SENDING ha/wine/DesiredTemp 61
RCVD: wine/data finMinTemp=36
SENDING ha/wine/finMinTemp 36
RCVD: wine/data deadband=3
SENDING ha/wine/deadband 3
RCVD: wine/data heaterPower=500
SENDING ha/wine/heaterPower 500
RCVD: wine/debug Defrost Complete
RCVD: wine/data Room Temp=63.85
SENDING ha/wine/Room Temp 63.85
RCVD: wine/data Fin Temp=61.87
SENDING ha/wine/Fin Temp 61.87
RCVD: wine/data Cooling=0
SENDING ha/wine/Cooling Off
RCVD: wine/data Defrosting=0
SENDING ha/wine/Defrosting Normal
RCVD: wine/data Humidity=53.00
SENDING ha/wine/Humidity 53.12
RCVD: wine/data Room Temp=63.76
SENDING ha/wine/Room Temp 63.76
RCVD: wine/data Fin Temp=61.78
SENDING ha/wine/Fin Temp 61.78
RCVD: wine/data Cooling=0
SENDING ha/wine/Cooling Off
RCVD: wine/data Defrosting=0
SENDING ha/wine/Defrosting Normal
RCVD: wine/data Humidity=52.20
SENDING ha/wine/Humidity 52.50
RCVD: wine/data Room Temp=63.92
SENDING ha/wine/Room Temp 63.92
RCVD: wine/data Fin Temp=61.81
SENDING ha/wine/Fin Temp 61.81
RCVD: wine/data Cooling=0
SENDING ha/wine/Cooling Off
RCVD: wine/data Defrosting=0
SENDING ha/wine/Defrosting Normal
RCVD: wine/data Humidity=52.20
SENDING ha/wine/Humidity 52.12
RCVD: wine/data Room Temp=63.85
SENDING ha/wine/Room Temp 63.85
RCVD: wine/data Fin Temp=61.75
SENDING ha/wine/Fin Temp 61.75
RCVD: wine/data Cooling=0
SENDING ha/wine/Cooling Off
RCVD: wine/data Defrosting=0
SENDING ha/wine/Defrosting Normal
RCVD: wine/data Humidity=52.20
SENDING ha/wine/Humidity 52.40
RCVD: wine/data Room Temp=63.85
SENDING ha/wine/Room Temp 63.85
RCVD: wine/data Fin Temp=61.78
SENDING ha/wine/Fin Temp 61.78
RCVD: wine/data Cooling=0
SENDING ha/wine/Cooling Off
RCVD: wine/data Defrosting=0
SENDING ha/wine/Defrosting Normal
RCVD: wine/data Humidity=52.20
SENDING ha/wine/Humidity 52.53
RCVD: wine/data Room Temp=63.82
SENDING ha/wine/Room Temp 63.82
RCVD: wine/data Fin Temp=61.72
SENDING ha/wine/Fin Temp 61.72
RCVD: wine/data Cooling=0
SENDING ha/wine/Cooling Off
RCVD: wine/data Defrosting=0
SENDING ha/wine/Defrosting Normal
RCVD: wine/data Humidity=52.20
SENDING ha/wine/Humidity 52.47
RCVD: wine/data Room Temp=63.79
SENDING ha/wine/Room Temp 63.79
RCVD: wine/data Fin Temp=61.81
SENDING ha/wine/Fin Temp 61.81
RCVD: wine/data Cooling=0
SENDING ha/wine/Cooling Off
RCVD: wine/data Defrosting=0
SENDING ha/wine/Defrosting Normal
RCVD: wine/data Humidity=53.00
SENDING ha/wine/Humidity 53.8
RCVD: wine/data Room Temp=63.82
SENDING ha/wine/Room Temp 63.82
RCVD: wine/data Fin Temp=61.72
SENDING ha/wine/Fin Temp 61.72
RCVD: wine/data Cooling=0
SENDING ha/wine/Cooling Off
RCVD: wine/data Defrosting=0
SENDING ha/wine/Defrosting Normal
RCVD: wine/data Humidity=52.20
SENDING ha/wine/Humidity 52.2
RCVD: wine/data Room Temp=63.70
SENDING ha/wine/Room Temp 63.70
RCVD: wine/data Fin Temp=61.75
SENDING ha/wine/Fin Temp 61.75
RCVD: wine/data Cooling=0
SENDING ha/wine/Cooling Off
RCVD: wine/data Defrosting=0
SENDING ha/wine/Defrosting Normal
RCVD: wine/data Humidity=52.20
SENDING ha/wine/Humidity 52.53
RCVD: wine/data Room Temp=63.79
SENDING ha/wine/Room Temp 63.79
RCVD: wine/data Fin Temp=61.81
SENDING ha/wine/Fin Temp 61.81
RCVD: wine/data Cooling=0
SENDING ha/wine/Cooling Off
RCVD: wine/data Defrosting=0
SENDING ha/wine/Defrosting Normal
RCVD: wine/data Humidity=52.20
SENDING ha/wine/Humidity 52.30
RCVD: wine/data Room Temp=63.79
SENDING ha/wine/Room Temp 63.79
RCVD: wine/data Fin Temp=61.81
SENDING ha/wine/Fin Temp 61.81
RCVD: wine/data Cooling=0
SENDING ha/wine/Cooling Off
RCVD: wine/data Defrosting=0
SENDING ha/wine/Defrosting Normal
RCVD: wine/data Humidity=53.00
SENDING ha/wine/Humidity 53.11
RCVD: wine/data Room Temp=63.79
SENDING ha/wine/Room Temp 63.79
RCVD: wine/data Fin Temp=61.78
SENDING ha/wine/Fin Temp 61.78
RCVD: wine/data Cooling=0
SENDING ha/wine/Cooling Off
RCVD: wine/data Defrosting=0
SENDING ha/wine/Defrosting Normal
RCVD: wine/data Humidity=52.20
SENDING ha/wine/Humidity 52.46
RCVD: wine/data Room Temp=63.82
SENDING ha/wine/Room Temp 63.82
RCVD: wine/data Fin Temp=61.81
SENDING ha/wine/Fin Temp 61.81
RCVD: wine/data Cooling=0
SENDING ha/wine/Cooling Off
RCVD: wine/data Defrosting=0
SENDING ha/wine/Defrosting Normal
RCVD: wine/data Humidity=52.20
SENDING ha/wine/Humidity 52.2
RCVD: wine/data Room Temp=63.82
SENDING ha/wine/Room Temp 63.82
RCVD: wine/data Fin Temp=61.75
SENDING ha/wine/Fin Temp 61.75
RCVD: wine/data Cooling=0
SENDING ha/wine/Cooling Off
RCVD: wine/data Defrosting=0
SENDING ha/wine/Defrosting Normal
RCVD: wine/data Humidity=53.00
SENDING ha/wine/Humidity 53.8
RCVD: wine/data Room Temp=63.85
SENDING ha/wine/Room Temp 63.85
RCVD: wine/data Fin Temp=61.87
SENDING ha/wine/Fin Temp 61.87
RCVD: wine/data Cooling=0
SENDING ha/wine/Cooling Off
RCVD: wine/data Defrosting=0
SENDING ha/wine/Defrosting Normal
RCVD: wine/data Humidity=52.20
SENDING ha/wine/Humidity 52.36
RCVD: wine/data Room Temp=63.70
SENDING ha/wine/Room Temp 63.70
RCVD: wine/data Fin Temp=61.84
SENDING ha/wine/Fin Temp 61.84
RCVD: wine/data Cooling=0
SENDING ha/wine/Cooling Off
RCVD: wine/data Defrosting=0
SENDING ha/wine/Defrosting Normal
RCVD: wine/data Humidity=52.20
SENDING ha/wine/Humidity 52.30
RCVD: wine/data Room Temp=63.79
SENDING ha/wine/Room Temp 63.79
RCVD: wine/data Fin Temp=61.72
SENDING ha/wine/Fin Temp 61.72
RCVD: wine/data Cooling=0
SENDING ha/wine/Cooling Off
RCVD: wine/data Defrosting=0
SENDING ha/wine/Defrosting Normal
RCVD: wine/data Humidity=52.00
SENDING ha/wine/Humidity 52.53
RCVD: wine/data Room Temp=63.82
SENDING ha/wine/Room Temp 63.82
RCVD: wine/data Fin Temp=61.84
SENDING ha/wine/Fin Temp 61.84
RCVD: wine/data Cooling=0
SENDING ha/wine/Cooling Off
RCVD: wine/data Defrosting=0
SENDING ha/wine/Defrosting Normal
RCVD: wine/data Humidity=53.00
SENDING ha/wine/Humidity 53.40
RCVD: wine/data Room Temp=63.92
SENDING ha/wine/Room Temp 63.92
RCVD: wine/data Fin Temp=61.81
SENDING ha/wine/Fin Temp 61.81
RCVD: wine/data Cooling=0
SENDING ha/wine/Cooling Off
RCVD: wine/data Defrosting=0
SENDING ha/wine/Defrosting Normal
RCVD: wine/data Humidity=54.60
SENDING ha/wine/Humidity 54.28
RCVD: wine/data Room Temp=63.82
SENDING ha/wine/Room Temp 63.82
RCVD: wine/data Fin Temp=61.72
SENDING ha/wine/Fin Temp 61.72
RCVD: wine/data Cooling=0
SENDING ha/wine/Cooling Off
RCVD: wine/data Defrosting=0
SENDING ha/wine/Defrosting Normal
RCVD: wine/data Humidity=52.20
SENDING ha/wine/Humidity 52.39
RCVD: wine/data Room Temp=63.76
SENDING ha/wine/Room Temp 63.76
RCVD: wine/data Fin Temp=61.75
SENDING ha/wine/Fin Temp 61.75
RCVD: wine/data Cooling=0
SENDING ha/wine/Cooling Off
RCVD: wine/data Defrosting=0
SENDING ha/wine/Defrosting Normal
RCVD: wine/data Humidity=52.20
SENDING ha/wine/Humidity 52.27
RCVD: wine/data Room Temp=63.76
SENDING ha/wine/Room Temp 63.76
RCVD: wine/data Fin Temp=61.81
SENDING ha/wine/Fin Temp 61.81
RCVD: wine/data Cooling=0
SENDING ha/wine/Cooling Off
RCVD: wine/data Defrosting=0
SENDING ha/wine/Defrosting Normal
RCVD: wine/data Humidity=52.20
SENDING ha/wine/Humidity 52.40
RCVD: wine/data Room Temp=63.79
SENDING ha/wine/Room Temp 63.79
RCVD: wine/data Fin Temp=61.81
SENDING ha/wine/Fin Temp 61.81
RCVD: wine/data Cooling=0
SENDING ha/wine/Cooling Off
RCVD: wine/data Defrosting=0
SENDING ha/wine/Defrosting Normal
RCVD: wine/data Humidity=53.00
SENDING ha/wine/Humidity 53.7
RCVD: wine/data Room Temp=63.82
SENDING ha/wine/Room Temp 63.82
RCVD: wine/data Fin Temp=61.65
SENDING ha/wine/Fin Temp 61.65
RCVD: wine/data Cooling=0
SENDING ha/wine/Cooling Off
RCVD: wine/data Defrosting=0
SENDING ha/wine/Defrosting Normal
RCVD: wine/data Humidity=52.20
SENDING ha/wine/Humidity 52.45
RCVD: wine/data Room Temp=63.82
SENDING ha/wine/Room Temp 63.82
RCVD: wine/data Fin Temp=61.72
SENDING ha/wine/Fin Temp 61.72
RCVD: wine/data Cooling=0
SENDING ha/wine/Cooling Off
RCVD: wine/data Defrosting=0
SENDING ha/wine/Defrosting Normal
RCVD: wine/data Humidity=52.20
SENDING ha/wine/Humidity 52.44
RCVD: wine/data Room Temp=63.73
SENDING ha/wine/Room Temp 63.73
RCVD: wine/data Fin Temp=61.72
SENDING ha/wine/Fin Temp 61.72
RCVD: wine/data Cooling=0
SENDING ha/wine/Cooling Off
RCVD: wine/data Defrosting=0
SENDING ha/wine/Defrosting Normal
RCVD: wine/data Humidity=52.20
SENDING ha/wine/Humidity 52.31
RCVD: wine/data Room Temp=63.70
SENDING ha/wine/Room Temp 63.70
RCVD: wine/data Fin Temp=61.75
SENDING ha/wine/Fin Temp 61.75
RCVD: wine/data Cooling=0
SENDING ha/wine/Cooling Off
RCVD: wine/data Defrosting=0
SENDING ha/wine/Defrosting Normal
RCVD: wine/data Humidity=52.20
SENDING ha/wine/Humidity 52.43
RCVD: wine/data Room Temp=63.85
SENDING ha/wine/Room Temp 63.85
RCVD: wine/data Fin Temp=61.78
SENDING ha/wine/Fin Temp 61.78
RCVD: wine/data Cooling=0
SENDING ha/wine/Cooling Off
RCVD: wine/data Defrosting=0
SENDING ha/wine/Defrosting Normal
RCVD: wine/data Humidity=52.20
SENDING ha/wine/Humidity 52.20
RCVD: wine/data Room Temp=63.73
SENDING ha/wine/Room Temp 63.73
RCVD: wine/data Fin Temp=61.75
SENDING ha/wine/Fin Temp 61.75
RCVD: wine/data Cooling=0
SENDING ha/wine/Cooling Off
RCVD: wine/data Defrosting=0
SENDING ha/wine/Defrosting Normal
RCVD: wine/data Humidity=52.20
SENDING ha/wine/Humidity 52.50
RCVD: wine/data Room Temp=63.79
SENDING ha/wine/Room Temp 63.79
RCVD: wine/data Fin Temp=61.84
SENDING ha/wine/Fin Temp 61.84
RCVD: wine/data Cooling=0
SENDING ha/wine/Cooling Off
RCVD: wine/data Defrosting=0
SENDING ha/wine/Defrosting Normal
RCVD: wine/data Humidity=52.20
SENDING ha/wine/Humidity 52.12
RCVD: wine/data Room Temp=63.79
SENDING ha/wine/Room Temp 63.79
RCVD: wine/data Fin Temp=61.75
SENDING ha/wine/Fin Temp 61.75
RCVD: wine/data Cooling=0
SENDING ha/wine/Cooling Off
RCVD: wine/data Defrosting=0
SENDING ha/wine/Defrosting Normal
RCVD: wine/data Humidity=53.80
SENDING ha/wine/Humidity 53.46
RCVD: wine/data Room Temp=63.82
SENDING ha/wine/Room Temp 63.82
RCVD: wine/data Fin Temp=61.78
SENDING ha/wine/Fin Temp 61.78
RCVD: wine/data Cooling=0
SENDING ha/wine/Cooling Off
RCVD: wine/data Defrosting=0
SENDING ha/wine/Defrosting Normal
RCVD: wine/data Humidity=52.20
SENDING ha/wine/Humidity 52.33
RCVD: wine/data Room Temp=63.73
SENDING ha/wine/Room Temp 63.73
RCVD: wine/data Fin Temp=61.84
SENDING ha/wine/Fin Temp 61.84
RCVD: wine/data Cooling=0
SENDING ha/wine/Cooling Off
RCVD: wine/data Defrosting=0
SENDING ha/wine/Defrosting Normal
RCVD: wine/data Humidity=53.20
SENDING ha/wine/Humidity 53.51
RCVD: wine/data Room Temp=63.73
SENDING ha/wine/Room Temp 63.73
RCVD: wine/data Fin Temp=61.84
SENDING ha/wine/Fin Temp 61.84
RCVD: wine/data Cooling=0
SENDING ha/wine/Cooling Off
RCVD: wine/data Defrosting=0
SENDING ha/wine/Defrosting Normal
RCVD: wine/data Humidity=52.20
SENDING ha/wine/Humidity 52.32
RCVD: wine/data Room Temp=63.79
SENDING ha/wine/Room Temp 63.79
RCVD: wine/data Fin Temp=61.84
SENDING ha/wine/Fin Temp 61.84
RCVD: wine/data Cooling=0
SENDING ha/wine/Cooling Off
RCVD: wine/data Defrosting=0
SENDING ha/wine/Defrosting Normal
RCVD: wine/data Humidity=52.20
SENDING ha/wine/Humidity 52.23
RCVD: wine/data Room Temp=63.76
SENDING ha/wine/Room Temp 63.76
RCVD: wine/data Fin Temp=61.75
SENDING ha/wine/Fin Temp 61.75
RCVD: wine/data Cooling=0
SENDING ha/wine/Cooling Off
RCVD: wine/data Defrosting=0
SENDING ha/wine/Defrosting Normal
RCVD: wine/data Humidity=52.20
SENDING ha/wine/Humidity 52.17
RCVD: wine/data Room Temp=63.79
SENDING ha/wine/Room Temp 63.79
RCVD: wine/data Fin Temp=61.72
SENDING ha/wine/Fin Temp 61.72
RCVD: wine/data Cooling=0
SENDING ha/wine/Cooling Off
RCVD: wine/data Defrosting=0
SENDING ha/wine/Defrosting Normal
RCVD: wine/data Humidity=52.20
SENDING ha/wine/Humidity 52.41
RCVD: wine/data Room Temp=63.73
SENDING ha/wine/Room Temp 63.73
RCVD: wine/data Fin Temp=61.72
SENDING ha/wine/Fin Temp 61.72
RCVD: wine/data Cooling=0
SENDING ha/wine/Cooling Off
RCVD: wine/data Defrosting=0
SENDING ha/wine/Defrosting Normal
RCVD: wine/data Humidity=52.20
SENDING ha/wine/Humidity 52.4
RCVD: wine/data Room Temp=63.64
SENDING ha/wine/Room Temp 63.64
RCVD: wine/data Fin Temp=61.72
SENDING ha/wine/Fin Temp 61.72
RCVD: wine/data Cooling=0
SENDING ha/wine/Cooling Off
RCVD: wine/data Defrosting=0
SENDING ha/wine/Defrosting Normal
RCVD: wine/data Humidity=52.20
SENDING ha/wine/Humidity 52.47
